                                      1 ;--------------------------------------------------------
                                      2 ; File Created by SDCC : free open source ISO C Compiler
                                      3 ; Version 4.5.1 #15267 (MINGW64)
                                      4 ;--------------------------------------------------------
                                      5 	.module cat
                                      6 	
                                      7 ;--------------------------------------------------------
                                      8 ; Public variables in this module
                                      9 ;--------------------------------------------------------
                                     10 	.globl _cat_tilemap
                                     11 	.globl _cat
                                     12 ;--------------------------------------------------------
                                     13 ; special function registers
                                     14 ;--------------------------------------------------------
                                     15 ;--------------------------------------------------------
                                     16 ; ram data
                                     17 ;--------------------------------------------------------
                                     18 	.area _DATA
                                     19 ;--------------------------------------------------------
                                     20 ; ram data
                                     21 ;--------------------------------------------------------
                                     22 	.area _INITIALIZED
                                     23 ;--------------------------------------------------------
                                     24 ; absolute external ram data
                                     25 ;--------------------------------------------------------
                                     26 	.area _DABS (ABS)
                                     27 ;--------------------------------------------------------
                                     28 ; global & static initialisations
                                     29 ;--------------------------------------------------------
                                     30 	.area _HOME
                                     31 	.area _GSINIT
                                     32 	.area _GSFINAL
                                     33 	.area _GSINIT
                                     34 ;--------------------------------------------------------
                                     35 ; Home
                                     36 ;--------------------------------------------------------
                                     37 	.area _HOME
                                     38 	.area _HOME
                                     39 ;--------------------------------------------------------
                                     40 ; code
                                     41 ;--------------------------------------------------------
                                     42 	.area _CODE
                                     43 	.area _CODE
    00000000                         44 _cat:
    00000000 00                      45 	.db #0x00	; 0
    00000001 00                      46 	.db #0x00	; 0
    00000002 00                      47 	.db #0x00	; 0
    00000003 00                      48 	.db #0x00	; 0
    00000004 00                      49 	.db #0x00	; 0
    00000005 00                      50 	.db #0x00	; 0
    00000006 00                      51 	.db #0x00	; 0
    00000007 00                      52 	.db #0x00	; 0
    00000008 00                      53 	.db #0x00	; 0
    00000009 00                      54 	.db #0x00	; 0
    0000000A 00                      55 	.db #0x00	; 0
    0000000B 00                      56 	.db #0x00	; 0
    0000000C 00                      57 	.db #0x00	; 0
    0000000D 00                      58 	.db #0x00	; 0
    0000000E 00                      59 	.db #0x00	; 0
    0000000F 00                      60 	.db #0x00	; 0
    00000010 00                      61 	.db #0x00	; 0
    00000011 00                      62 	.db #0x00	; 0
    00000012 00                      63 	.db #0x00	; 0
    00000013 00                      64 	.db #0x00	; 0
    00000014 00                      65 	.db #0x00	; 0
    00000015 00                      66 	.db #0x00	; 0
    00000016 01                      67 	.db #0x01	; 1
    00000017 01                      68 	.db #0x01	; 1
    00000018 01                      69 	.db #0x01	; 1
    00000019 01                      70 	.db #0x01	; 1
    0000001A 02                      71 	.db #0x02	; 2
    0000001B 03                      72 	.db #0x03	; 3
    0000001C 02                      73 	.db #0x02	; 2
    0000001D 03                      74 	.db #0x03	; 3
    0000001E 03                      75 	.db #0x03	; 3
    0000001F 02                      76 	.db #0x02	; 2
    00000020 40                      77 	.db #0x40	; 64
    00000021 40                      78 	.db #0x40	; 64
    00000022 A0                      79 	.db #0xa0	; 160
    00000023 E0                      80 	.db #0xe0	; 224
    00000024 90                      81 	.db #0x90	; 144
    00000025 F0                      82 	.db #0xf0	; 240
    00000026 0F                      83 	.db #0x0f	; 15
    00000027 FF                      84 	.db #0xff	; 255
    00000028 06                      85 	.db #0x06	; 6
    00000029 F9                      86 	.db #0xf9	; 249
    0000002A 0E                      87 	.db #0x0e	; 14
    0000002B F1                      88 	.db #0xf1	; 241
    0000002C 3F                      89 	.db #0x3f	; 63
    0000002D C0                      90 	.db #0xc0	; 192
    0000002E FF                      91 	.db #0xff	; 255
    0000002F 20                      92 	.db #0x20	; 32
    00000030 40                      93 	.db #0x40	; 64
    00000031 40                      94 	.db #0x40	; 64
    00000032 20                      95 	.db #0x20	; 32
    00000033 20                      96 	.db #0x20	; 32
    00000034 41                      97 	.db #0x41	; 65	'A'
    00000035 41                      98 	.db #0x41	; 65	'A'
    00000036 FE                      99 	.db #0xfe	; 254
    00000037 FF                     100 	.db #0xff	; 255
    00000038 A8                     101 	.db #0xa8	; 168
    00000039 57                     102 	.db #0x57	; 87	'W'
    0000003A AC                     103 	.db #0xac	; 172
    0000003B 53                     104 	.db #0x53	; 83	'S'
    0000003C FF                     105 	.db #0xff	; 255
    0000003D 00                     106 	.db #0x00	; 0
    0000003E FF                     107 	.db #0xff	; 255
    0000003F 00                     108 	.db #0x00	; 0
    00000040 40                     109 	.db #0x40	; 64
    00000041 40                     110 	.db #0x40	; 64
    00000042 A0                     111 	.db #0xa0	; 160
    00000043 E0                     112 	.db #0xe0	; 224
    00000044 20                     113 	.db #0x20	; 32
    00000045 E0                     114 	.db #0xe0	; 224
    00000046 10                     115 	.db #0x10	; 16
    00000047 F0                     116 	.db #0xf0	; 240
    00000048 10                     117 	.db #0x10	; 16
    00000049 F0                     118 	.db #0xf0	; 240
    0000004A 10                     119 	.db #0x10	; 16
    0000004B F0                     120 	.db #0xf0	; 240
    0000004C 88                     121 	.db #0x88	; 136
    0000004D 78                     122 	.db #0x78	; 120	'x'
    0000004E F8                     123 	.db #0xf8	; 248
    0000004F 88                     124 	.db #0x88	; 136
    00000050 03                     125 	.db #0x03	; 3
    00000051 02                     126 	.db #0x02	; 2
    00000052 03                     127 	.db #0x03	; 3
    00000053 02                     128 	.db #0x02	; 2
    00000054 01                     129 	.db #0x01	; 1
    00000055 01                     130 	.db #0x01	; 1
    00000056 01                     131 	.db #0x01	; 1
    00000057 01                     132 	.db #0x01	; 1
    00000058 03                     133 	.db #0x03	; 3
    00000059 02                     134 	.db #0x02	; 2
    0000005A 03                     135 	.db #0x03	; 3
    0000005B 02                     136 	.db #0x02	; 2
    0000005C 07                     137 	.db #0x07	; 7
    0000005D 04                     138 	.db #0x04	; 4
    0000005E 07                     139 	.db #0x07	; 7
    0000005F 04                     140 	.db #0x04	; 4
    00000060 FF                     141 	.db #0xff	; 255
    00000061 00                     142 	.db #0x00	; 0
    00000062 8F                     143 	.db #0x8f	; 143
    00000063 70                     144 	.db #0x70	; 112	'p'
    00000064 8F                     145 	.db #0x8f	; 143
    00000065 72                     146 	.db #0x72	; 114	'r'
    00000066 FF                     147 	.db #0xff	; 255
    00000067 01                     148 	.db #0x01	; 1
    00000068 FF                     149 	.db #0xff	; 255
    00000069 00                     150 	.db #0x00	; 0
    0000006A FF                     151 	.db #0xff	; 255
    0000006B 00                     152 	.db #0x00	; 0
    0000006C FF                     153 	.db #0xff	; 255
    0000006D 00                     154 	.db #0x00	; 0
    0000006E FF                     155 	.db #0xff	; 255
    0000006F 00                     156 	.db #0x00	; 0
    00000070 FF                     157 	.db #0xff	; 255
    00000071 00                     158 	.db #0x00	; 0
    00000072 FF                     159 	.db #0xff	; 255
    00000073 20                     160 	.db #0x20	; 32
    00000074 FF                     161 	.db #0xff	; 255
    00000075 22                     162 	.db #0x22	; 34
    00000076 FF                     163 	.db #0xff	; 255
    00000077 DC                     164 	.db #0xdc	; 220
    00000078 FF                     165 	.db #0xff	; 255
    00000079 00                     166 	.db #0x00	; 0
    0000007A FF                     167 	.db #0xff	; 255
    0000007B 00                     168 	.db #0x00	; 0
    0000007C FF                     169 	.db #0xff	; 255
    0000007D 00                     170 	.db #0x00	; 0
    0000007E FF                     171 	.db #0xff	; 255
    0000007F 00                     172 	.db #0x00	; 0
    00000080 F8                     173 	.db #0xf8	; 248
    00000081 08                     174 	.db #0x08	; 8
    00000082 18                     175 	.db #0x18	; 24
    00000083 E8                     176 	.db #0xe8	; 232
    00000084 18                     177 	.db #0x18	; 24
    00000085 E8                     178 	.db #0xe8	; 232
    00000086 F8                     179 	.db #0xf8	; 248
    00000087 08                     180 	.db #0x08	; 8
    00000088 F0                     181 	.db #0xf0	; 240
    00000089 10                     182 	.db #0x10	; 16
    0000008A F0                     183 	.db #0xf0	; 240
    0000008B 10                     184 	.db #0x10	; 16
    0000008C E0                     185 	.db #0xe0	; 224
    0000008D 20                     186 	.db #0x20	; 32
    0000008E E0                     187 	.db #0xe0	; 224
    0000008F 20                     188 	.db #0x20	; 32
    00000090 0F                     189 	.db #0x0f	; 15
    00000091 08                     190 	.db #0x08	; 8
    00000092 0F                     191 	.db #0x0f	; 15
    00000093 08                     192 	.db #0x08	; 8
    00000094 1F                     193 	.db #0x1f	; 31
    00000095 10                     194 	.db #0x10	; 16
    00000096 3F                     195 	.db #0x3f	; 63
    00000097 20                     196 	.db #0x20	; 32
    00000098 5F                     197 	.db #0x5f	; 95
    00000099 61                     198 	.db #0x61	; 97	'a'
    0000009A 46                     199 	.db #0x46	; 70	'F'
    0000009B 7F                     200 	.db #0x7f	; 127
    0000009C 3C                     201 	.db #0x3c	; 60
    0000009D 3F                     202 	.db #0x3f	; 63
    0000009E 08                     203 	.db #0x08	; 8
    0000009F 0F                     204 	.db #0x0f	; 15
    000000A0 FF                     205 	.db #0xff	; 255
    000000A1 00                     206 	.db #0x00	; 0
    000000A2 FF                     207 	.db #0xff	; 255
    000000A3 00                     208 	.db #0x00	; 0
    000000A4 FF                     209 	.db #0xff	; 255
    000000A5 00                     210 	.db #0x00	; 0
    000000A6 FF                     211 	.db #0xff	; 255
    000000A7 00                     212 	.db #0x00	; 0
    000000A8 7F                     213 	.db #0x7f	; 127
    000000A9 80                     214 	.db #0x80	; 128
    000000AA 7F                     215 	.db #0x7f	; 127
    000000AB 80                     216 	.db #0x80	; 128
    000000AC FF                     217 	.db #0xff	; 255
    000000AD 00                     218 	.db #0x00	; 0
    000000AE FF                     219 	.db #0xff	; 255
    000000AF 00                     220 	.db #0x00	; 0
    000000B0 FF                     221 	.db #0xff	; 255
    000000B1 00                     222 	.db #0x00	; 0
    000000B2 FF                     223 	.db #0xff	; 255
    000000B3 00                     224 	.db #0x00	; 0
    000000B4 FF                     225 	.db #0xff	; 255
    000000B5 00                     226 	.db #0x00	; 0
    000000B6 FF                     227 	.db #0xff	; 255
    000000B7 00                     228 	.db #0x00	; 0
    000000B8 FF                     229 	.db #0xff	; 255
    000000B9 00                     230 	.db #0x00	; 0
    000000BA FF                     231 	.db #0xff	; 255
    000000BB 00                     232 	.db #0x00	; 0
    000000BC FF                     233 	.db #0xff	; 255
    000000BD 00                     234 	.db #0x00	; 0
    000000BE FF                     235 	.db #0xff	; 255
    000000BF 00                     236 	.db #0x00	; 0
    000000C0 F0                     237 	.db #0xf0	; 240
    000000C1 10                     238 	.db #0x10	; 16
    000000C2 F8                     239 	.db #0xf8	; 248
    000000C3 08                     240 	.db #0x08	; 8
    000000C4 FC                     241 	.db #0xfc	; 252
    000000C5 04                     242 	.db #0x04	; 4
    000000C6 FE                     243 	.db #0xfe	; 254
    000000C7 02                     244 	.db #0x02	; 2
    000000C8 E2                     245 	.db #0xe2	; 226
    000000C9 3E                     246 	.db #0x3e	; 62
    000000CA FC                     247 	.db #0xfc	; 252
    000000CB 3C                     248 	.db #0x3c	; 60
    000000CC E0                     249 	.db #0xe0	; 224
    000000CD 20                     250 	.db #0x20	; 32
    000000CE E0                     251 	.db #0xe0	; 224
    000000CF 20                     252 	.db #0x20	; 32
    000000D0 09                     253 	.db #0x09	; 9
    000000D1 0E                     254 	.db #0x0e	; 14
    000000D2 09                     255 	.db #0x09	; 9
    000000D3 0E                     256 	.db #0x0e	; 14
    000000D4 09                     257 	.db #0x09	; 9
    000000D5 0E                     258 	.db #0x0e	; 14
    000000D6 08                     259 	.db #0x08	; 8
    000000D7 0F                     260 	.db #0x0f	; 15
    000000D8 64                     261 	.db #0x64	; 100	'd'
    000000D9 67                     262 	.db #0x67	; 103	'g'
    000000DA 9E                     263 	.db #0x9e	; 158
    000000DB FF                     264 	.db #0xff	; 255
    000000DC 9F                     265 	.db #0x9f	; 159
    000000DD EF                     266 	.db #0xef	; 239
    000000DE 70                     267 	.db #0x70	; 112	'p'
    000000DF 70                     268 	.db #0x70	; 112	'p'
    000000E0 FF                     269 	.db #0xff	; 255
    000000E1 00                     270 	.db #0x00	; 0
    000000E2 FF                     271 	.db #0xff	; 255
    000000E3 00                     272 	.db #0x00	; 0
    000000E4 FF                     273 	.db #0xff	; 255
    000000E5 00                     274 	.db #0x00	; 0
    000000E6 FF                     275 	.db #0xff	; 255
    000000E7 00                     276 	.db #0x00	; 0
    000000E8 FF                     277 	.db #0xff	; 255
    000000E9 1F                     278 	.db #0x1f	; 31
    000000EA 70                     279 	.db #0x70	; 112	'p'
    000000EB 90                     280 	.db #0x90	; 144
    000000EC 70                     281 	.db #0x70	; 112	'p'
    000000ED 90                     282 	.db #0x90	; 144
    000000EE E0                     283 	.db #0xe0	; 224
    000000EF E0                     284 	.db #0xe0	; 224
    000000F0 FF                     285 	.db #0xff	; 255
    000000F1 00                     286 	.db #0x00	; 0
    000000F2 FF                     287 	.db #0xff	; 255
    000000F3 00                     288 	.db #0x00	; 0
    000000F4 FF                     289 	.db #0xff	; 255
    000000F5 00                     290 	.db #0x00	; 0
    000000F6 FF                     291 	.db #0xff	; 255
    000000F7 00                     292 	.db #0x00	; 0
    000000F8 FF                     293 	.db #0xff	; 255
    000000F9 C0                     294 	.db #0xc0	; 192
    000000FA 3F                     295 	.db #0x3f	; 63
    000000FB 20                     296 	.db #0x20	; 32
    000000FC 1F                     297 	.db #0x1f	; 31
    000000FD 10                     298 	.db #0x10	; 16
    000000FE 0F                     299 	.db #0x0f	; 15
    000000FF 0F                     300 	.db #0x0f	; 15
    00000100 C0                     301 	.db #0xc0	; 192
    00000101 40                     302 	.db #0x40	; 64
    00000102 C0                     303 	.db #0xc0	; 192
    00000103 40                     304 	.db #0x40	; 64
    00000104 C0                     305 	.db #0xc0	; 192
    00000105 40                     306 	.db #0x40	; 64
    00000106 80                     307 	.db #0x80	; 128
    00000107 80                     308 	.db #0x80	; 128
    00000108 80                     309 	.db #0x80	; 128
    00000109 80                     310 	.db #0x80	; 128
    0000010A 80                     311 	.db #0x80	; 128
    0000010B 80                     312 	.db #0x80	; 128
    0000010C 80                     313 	.db #0x80	; 128
    0000010D 80                     314 	.db #0x80	; 128
    0000010E 00                     315 	.db #0x00	; 0
    0000010F 00                     316 	.db #0x00	; 0
    00000110                        317 _cat_tilemap:
    00000110 01                     318 	.db #0x01	; 1
    00000111 02                     319 	.db #0x02	; 2
    00000112 03                     320 	.db #0x03	; 3
    00000113 04                     321 	.db #0x04	; 4
    00000114 05                     322 	.db #0x05	; 5
    00000115 06                     323 	.db #0x06	; 6
    00000116 07                     324 	.db #0x07	; 7
    00000117 08                     325 	.db #0x08	; 8
    00000118 09                     326 	.db #0x09	; 9
    00000119 0A                     327 	.db #0x0a	; 10
    0000011A 0B                     328 	.db #0x0b	; 11
    0000011B 0C                     329 	.db #0x0c	; 12
    0000011C 0D                     330 	.db #0x0d	; 13
    0000011D 0E                     331 	.db #0x0e	; 14
    0000011E 0F                     332 	.db #0x0f	; 15
    0000011F 10                     333 	.db #0x10	; 16
                                    334 	.area _INITIALIZER
                                    335 	.area _CABS (ABS)
