                                      1 ;--------------------------------------------------------
                                      2 ; File Created by SDCC : free open source ISO C Compiler
                                      3 ; Version 4.5.1 #15267 (MINGW64)
                                      4 ;--------------------------------------------------------
                                      5 	.module cat_animated
                                      6 	
                                      7 ;--------------------------------------------------------
                                      8 ; Public variables in this module
                                      9 ;--------------------------------------------------------
                                     10 	.globl _cat_animated_tilemap
                                     11 	.globl _cat_animated
                                     12 ;--------------------------------------------------------
                                     13 ; special function registers
                                     14 ;--------------------------------------------------------
                                     15 ;--------------------------------------------------------
                                     16 ; ram data
                                     17 ;--------------------------------------------------------
                                     18 	.area _DATA
                                     19 ;--------------------------------------------------------
                                     20 ; ram data
                                     21 ;--------------------------------------------------------
                                     22 	.area _INITIALIZED
                                     23 ;--------------------------------------------------------
                                     24 ; absolute external ram data
                                     25 ;--------------------------------------------------------
                                     26 	.area _DABS (ABS)
                                     27 ;--------------------------------------------------------
                                     28 ; global & static initialisations
                                     29 ;--------------------------------------------------------
                                     30 	.area _HOME
                                     31 	.area _GSINIT
                                     32 	.area _GSFINAL
                                     33 	.area _GSINIT
                                     34 ;--------------------------------------------------------
                                     35 ; Home
                                     36 ;--------------------------------------------------------
                                     37 	.area _HOME
                                     38 	.area _HOME
                                     39 ;--------------------------------------------------------
                                     40 ; code
                                     41 ;--------------------------------------------------------
                                     42 	.area _CODE
                                     43 	.area _CODE
    00000000                         44 _cat_animated:
    00000000 00                      45 	.db #0x00	; 0
    00000001 00                      46 	.db #0x00	; 0
    00000002 00                      47 	.db #0x00	; 0
    00000003 00                      48 	.db #0x00	; 0
    00000004 00                      49 	.db #0x00	; 0
    00000005 00                      50 	.db #0x00	; 0
    00000006 00                      51 	.db #0x00	; 0
    00000007 00                      52 	.db #0x00	; 0
    00000008 00                      53 	.db #0x00	; 0
    00000009 00                      54 	.db #0x00	; 0
    0000000A 00                      55 	.db #0x00	; 0
    0000000B 00                      56 	.db #0x00	; 0
    0000000C 00                      57 	.db #0x00	; 0
    0000000D 00                      58 	.db #0x00	; 0
    0000000E 00                      59 	.db #0x00	; 0
    0000000F 00                      60 	.db #0x00	; 0
    00000010 00                      61 	.db #0x00	; 0
    00000011 00                      62 	.db #0x00	; 0
    00000012 00                      63 	.db #0x00	; 0
    00000013 00                      64 	.db #0x00	; 0
    00000014 00                      65 	.db #0x00	; 0
    00000015 00                      66 	.db #0x00	; 0
    00000016 00                      67 	.db #0x00	; 0
    00000017 00                      68 	.db #0x00	; 0
    00000018 00                      69 	.db #0x00	; 0
    00000019 00                      70 	.db #0x00	; 0
    0000001A 00                      71 	.db #0x00	; 0
    0000001B 00                      72 	.db #0x00	; 0
    0000001C 00                      73 	.db #0x00	; 0
    0000001D 00                      74 	.db #0x00	; 0
    0000001E 00                      75 	.db #0x00	; 0
    0000001F 00                      76 	.db #0x00	; 0
    00000020 00                      77 	.db #0x00	; 0
    00000021 00                      78 	.db #0x00	; 0
    00000022 00                      79 	.db #0x00	; 0
    00000023 00                      80 	.db #0x00	; 0
    00000024 00                      81 	.db #0x00	; 0
    00000025 00                      82 	.db #0x00	; 0
    00000026 01                      83 	.db #0x01	; 1
    00000027 01                      84 	.db #0x01	; 1
    00000028 01                      85 	.db #0x01	; 1
    00000029 01                      86 	.db #0x01	; 1
    0000002A 02                      87 	.db #0x02	; 2
    0000002B 03                      88 	.db #0x03	; 3
    0000002C 02                      89 	.db #0x02	; 2
    0000002D 03                      90 	.db #0x03	; 3
    0000002E 03                      91 	.db #0x03	; 3
    0000002F 02                      92 	.db #0x02	; 2
    00000030 40                      93 	.db #0x40	; 64
    00000031 40                      94 	.db #0x40	; 64
    00000032 A0                      95 	.db #0xa0	; 160
    00000033 E0                      96 	.db #0xe0	; 224
    00000034 90                      97 	.db #0x90	; 144
    00000035 F0                      98 	.db #0xf0	; 240
    00000036 0F                      99 	.db #0x0f	; 15
    00000037 FF                     100 	.db #0xff	; 255
    00000038 06                     101 	.db #0x06	; 6
    00000039 F9                     102 	.db #0xf9	; 249
    0000003A 0E                     103 	.db #0x0e	; 14
    0000003B F1                     104 	.db #0xf1	; 241
    0000003C 3F                     105 	.db #0x3f	; 63
    0000003D C0                     106 	.db #0xc0	; 192
    0000003E FF                     107 	.db #0xff	; 255
    0000003F 20                     108 	.db #0x20	; 32
    00000040 40                     109 	.db #0x40	; 64
    00000041 40                     110 	.db #0x40	; 64
    00000042 20                     111 	.db #0x20	; 32
    00000043 20                     112 	.db #0x20	; 32
    00000044 41                     113 	.db #0x41	; 65	'A'
    00000045 41                     114 	.db #0x41	; 65	'A'
    00000046 FE                     115 	.db #0xfe	; 254
    00000047 FF                     116 	.db #0xff	; 255
    00000048 A8                     117 	.db #0xa8	; 168
    00000049 57                     118 	.db #0x57	; 87	'W'
    0000004A AC                     119 	.db #0xac	; 172
    0000004B 53                     120 	.db #0x53	; 83	'S'
    0000004C FF                     121 	.db #0xff	; 255
    0000004D 00                     122 	.db #0x00	; 0
    0000004E FF                     123 	.db #0xff	; 255
    0000004F 00                     124 	.db #0x00	; 0
    00000050 40                     125 	.db #0x40	; 64
    00000051 40                     126 	.db #0x40	; 64
    00000052 A0                     127 	.db #0xa0	; 160
    00000053 E0                     128 	.db #0xe0	; 224
    00000054 20                     129 	.db #0x20	; 32
    00000055 E0                     130 	.db #0xe0	; 224
    00000056 10                     131 	.db #0x10	; 16
    00000057 F0                     132 	.db #0xf0	; 240
    00000058 10                     133 	.db #0x10	; 16
    00000059 F0                     134 	.db #0xf0	; 240
    0000005A 10                     135 	.db #0x10	; 16
    0000005B F0                     136 	.db #0xf0	; 240
    0000005C 88                     137 	.db #0x88	; 136
    0000005D 78                     138 	.db #0x78	; 120	'x'
    0000005E F8                     139 	.db #0xf8	; 248
    0000005F 88                     140 	.db #0x88	; 136
    00000060 03                     141 	.db #0x03	; 3
    00000061 02                     142 	.db #0x02	; 2
    00000062 03                     143 	.db #0x03	; 3
    00000063 02                     144 	.db #0x02	; 2
    00000064 01                     145 	.db #0x01	; 1
    00000065 01                     146 	.db #0x01	; 1
    00000066 01                     147 	.db #0x01	; 1
    00000067 01                     148 	.db #0x01	; 1
    00000068 03                     149 	.db #0x03	; 3
    00000069 02                     150 	.db #0x02	; 2
    0000006A 03                     151 	.db #0x03	; 3
    0000006B 02                     152 	.db #0x02	; 2
    0000006C 07                     153 	.db #0x07	; 7
    0000006D 04                     154 	.db #0x04	; 4
    0000006E 07                     155 	.db #0x07	; 7
    0000006F 04                     156 	.db #0x04	; 4
    00000070 FF                     157 	.db #0xff	; 255
    00000071 00                     158 	.db #0x00	; 0
    00000072 8F                     159 	.db #0x8f	; 143
    00000073 70                     160 	.db #0x70	; 112	'p'
    00000074 8F                     161 	.db #0x8f	; 143
    00000075 72                     162 	.db #0x72	; 114	'r'
    00000076 FF                     163 	.db #0xff	; 255
    00000077 01                     164 	.db #0x01	; 1
    00000078 FF                     165 	.db #0xff	; 255
    00000079 00                     166 	.db #0x00	; 0
    0000007A FF                     167 	.db #0xff	; 255
    0000007B 00                     168 	.db #0x00	; 0
    0000007C FF                     169 	.db #0xff	; 255
    0000007D 00                     170 	.db #0x00	; 0
    0000007E FF                     171 	.db #0xff	; 255
    0000007F 00                     172 	.db #0x00	; 0
    00000080 FF                     173 	.db #0xff	; 255
    00000081 00                     174 	.db #0x00	; 0
    00000082 FF                     175 	.db #0xff	; 255
    00000083 20                     176 	.db #0x20	; 32
    00000084 FF                     177 	.db #0xff	; 255
    00000085 22                     178 	.db #0x22	; 34
    00000086 FF                     179 	.db #0xff	; 255
    00000087 DC                     180 	.db #0xdc	; 220
    00000088 FF                     181 	.db #0xff	; 255
    00000089 00                     182 	.db #0x00	; 0
    0000008A FF                     183 	.db #0xff	; 255
    0000008B 00                     184 	.db #0x00	; 0
    0000008C FF                     185 	.db #0xff	; 255
    0000008D 00                     186 	.db #0x00	; 0
    0000008E FF                     187 	.db #0xff	; 255
    0000008F 00                     188 	.db #0x00	; 0
    00000090 F8                     189 	.db #0xf8	; 248
    00000091 08                     190 	.db #0x08	; 8
    00000092 18                     191 	.db #0x18	; 24
    00000093 E8                     192 	.db #0xe8	; 232
    00000094 18                     193 	.db #0x18	; 24
    00000095 E8                     194 	.db #0xe8	; 232
    00000096 F8                     195 	.db #0xf8	; 248
    00000097 08                     196 	.db #0x08	; 8
    00000098 F0                     197 	.db #0xf0	; 240
    00000099 10                     198 	.db #0x10	; 16
    0000009A F0                     199 	.db #0xf0	; 240
    0000009B 10                     200 	.db #0x10	; 16
    0000009C E0                     201 	.db #0xe0	; 224
    0000009D 20                     202 	.db #0x20	; 32
    0000009E E0                     203 	.db #0xe0	; 224
    0000009F 20                     204 	.db #0x20	; 32
    000000A0 0F                     205 	.db #0x0f	; 15
    000000A1 08                     206 	.db #0x08	; 8
    000000A2 0F                     207 	.db #0x0f	; 15
    000000A3 08                     208 	.db #0x08	; 8
    000000A4 1F                     209 	.db #0x1f	; 31
    000000A5 10                     210 	.db #0x10	; 16
    000000A6 3F                     211 	.db #0x3f	; 63
    000000A7 20                     212 	.db #0x20	; 32
    000000A8 5F                     213 	.db #0x5f	; 95
    000000A9 61                     214 	.db #0x61	; 97	'a'
    000000AA 46                     215 	.db #0x46	; 70	'F'
    000000AB 7F                     216 	.db #0x7f	; 127
    000000AC 3C                     217 	.db #0x3c	; 60
    000000AD 3F                     218 	.db #0x3f	; 63
    000000AE 08                     219 	.db #0x08	; 8
    000000AF 0F                     220 	.db #0x0f	; 15
    000000B0 FF                     221 	.db #0xff	; 255
    000000B1 00                     222 	.db #0x00	; 0
    000000B2 FF                     223 	.db #0xff	; 255
    000000B3 00                     224 	.db #0x00	; 0
    000000B4 FF                     225 	.db #0xff	; 255
    000000B5 00                     226 	.db #0x00	; 0
    000000B6 FF                     227 	.db #0xff	; 255
    000000B7 00                     228 	.db #0x00	; 0
    000000B8 7F                     229 	.db #0x7f	; 127
    000000B9 80                     230 	.db #0x80	; 128
    000000BA 7F                     231 	.db #0x7f	; 127
    000000BB 80                     232 	.db #0x80	; 128
    000000BC FF                     233 	.db #0xff	; 255
    000000BD 00                     234 	.db #0x00	; 0
    000000BE FF                     235 	.db #0xff	; 255
    000000BF 00                     236 	.db #0x00	; 0
    000000C0 FF                     237 	.db #0xff	; 255
    000000C1 00                     238 	.db #0x00	; 0
    000000C2 FF                     239 	.db #0xff	; 255
    000000C3 00                     240 	.db #0x00	; 0
    000000C4 FF                     241 	.db #0xff	; 255
    000000C5 00                     242 	.db #0x00	; 0
    000000C6 FF                     243 	.db #0xff	; 255
    000000C7 00                     244 	.db #0x00	; 0
    000000C8 FF                     245 	.db #0xff	; 255
    000000C9 00                     246 	.db #0x00	; 0
    000000CA FF                     247 	.db #0xff	; 255
    000000CB 00                     248 	.db #0x00	; 0
    000000CC FF                     249 	.db #0xff	; 255
    000000CD 00                     250 	.db #0x00	; 0
    000000CE FF                     251 	.db #0xff	; 255
    000000CF 00                     252 	.db #0x00	; 0
    000000D0 F0                     253 	.db #0xf0	; 240
    000000D1 10                     254 	.db #0x10	; 16
    000000D2 F8                     255 	.db #0xf8	; 248
    000000D3 08                     256 	.db #0x08	; 8
    000000D4 FC                     257 	.db #0xfc	; 252
    000000D5 04                     258 	.db #0x04	; 4
    000000D6 FE                     259 	.db #0xfe	; 254
    000000D7 02                     260 	.db #0x02	; 2
    000000D8 E2                     261 	.db #0xe2	; 226
    000000D9 3E                     262 	.db #0x3e	; 62
    000000DA FC                     263 	.db #0xfc	; 252
    000000DB 3C                     264 	.db #0x3c	; 60
    000000DC E0                     265 	.db #0xe0	; 224
    000000DD 20                     266 	.db #0x20	; 32
    000000DE E0                     267 	.db #0xe0	; 224
    000000DF 20                     268 	.db #0x20	; 32
    000000E0 09                     269 	.db #0x09	; 9
    000000E1 0E                     270 	.db #0x0e	; 14
    000000E2 09                     271 	.db #0x09	; 9
    000000E3 0E                     272 	.db #0x0e	; 14
    000000E4 09                     273 	.db #0x09	; 9
    000000E5 0E                     274 	.db #0x0e	; 14
    000000E6 08                     275 	.db #0x08	; 8
    000000E7 0F                     276 	.db #0x0f	; 15
    000000E8 64                     277 	.db #0x64	; 100	'd'
    000000E9 67                     278 	.db #0x67	; 103	'g'
    000000EA 9E                     279 	.db #0x9e	; 158
    000000EB FF                     280 	.db #0xff	; 255
    000000EC 9F                     281 	.db #0x9f	; 159
    000000ED EF                     282 	.db #0xef	; 239
    000000EE 70                     283 	.db #0x70	; 112	'p'
    000000EF 70                     284 	.db #0x70	; 112	'p'
    000000F0 FF                     285 	.db #0xff	; 255
    000000F1 00                     286 	.db #0x00	; 0
    000000F2 FF                     287 	.db #0xff	; 255
    000000F3 00                     288 	.db #0x00	; 0
    000000F4 FF                     289 	.db #0xff	; 255
    000000F5 00                     290 	.db #0x00	; 0
    000000F6 FF                     291 	.db #0xff	; 255
    000000F7 00                     292 	.db #0x00	; 0
    000000F8 FF                     293 	.db #0xff	; 255
    000000F9 1F                     294 	.db #0x1f	; 31
    000000FA 70                     295 	.db #0x70	; 112	'p'
    000000FB 90                     296 	.db #0x90	; 144
    000000FC 70                     297 	.db #0x70	; 112	'p'
    000000FD 90                     298 	.db #0x90	; 144
    000000FE E0                     299 	.db #0xe0	; 224
    000000FF E0                     300 	.db #0xe0	; 224
    00000100 FF                     301 	.db #0xff	; 255
    00000101 00                     302 	.db #0x00	; 0
    00000102 FF                     303 	.db #0xff	; 255
    00000103 00                     304 	.db #0x00	; 0
    00000104 FF                     305 	.db #0xff	; 255
    00000105 00                     306 	.db #0x00	; 0
    00000106 FF                     307 	.db #0xff	; 255
    00000107 00                     308 	.db #0x00	; 0
    00000108 FF                     309 	.db #0xff	; 255
    00000109 C0                     310 	.db #0xc0	; 192
    0000010A 3F                     311 	.db #0x3f	; 63
    0000010B 20                     312 	.db #0x20	; 32
    0000010C 1F                     313 	.db #0x1f	; 31
    0000010D 10                     314 	.db #0x10	; 16
    0000010E 0F                     315 	.db #0x0f	; 15
    0000010F 0F                     316 	.db #0x0f	; 15
    00000110 C0                     317 	.db #0xc0	; 192
    00000111 40                     318 	.db #0x40	; 64
    00000112 C0                     319 	.db #0xc0	; 192
    00000113 40                     320 	.db #0x40	; 64
    00000114 C0                     321 	.db #0xc0	; 192
    00000115 40                     322 	.db #0x40	; 64
    00000116 80                     323 	.db #0x80	; 128
    00000117 80                     324 	.db #0x80	; 128
    00000118 80                     325 	.db #0x80	; 128
    00000119 80                     326 	.db #0x80	; 128
    0000011A 80                     327 	.db #0x80	; 128
    0000011B 80                     328 	.db #0x80	; 128
    0000011C 80                     329 	.db #0x80	; 128
    0000011D 80                     330 	.db #0x80	; 128
    0000011E 00                     331 	.db #0x00	; 0
    0000011F 00                     332 	.db #0x00	; 0
    00000120 40                     333 	.db #0x40	; 64
    00000121 40                     334 	.db #0x40	; 64
    00000122 80                     335 	.db #0x80	; 128
    00000123 80                     336 	.db #0x80	; 128
    00000124 41                     337 	.db #0x41	; 65	'A'
    00000125 41                     338 	.db #0x41	; 65	'A'
    00000126 FE                     339 	.db #0xfe	; 254
    00000127 FF                     340 	.db #0xff	; 255
    00000128 A8                     341 	.db #0xa8	; 168
    00000129 57                     342 	.db #0x57	; 87	'W'
    0000012A AC                     343 	.db #0xac	; 172
    0000012B 53                     344 	.db #0x53	; 83	'S'
    0000012C FF                     345 	.db #0xff	; 255
    0000012D 00                     346 	.db #0x00	; 0
    0000012E FF                     347 	.db #0xff	; 255
    0000012F 00                     348 	.db #0x00	; 0
    00000130 FF                     349 	.db #0xff	; 255
    00000131 00                     350 	.db #0x00	; 0
    00000132 FF                     351 	.db #0xff	; 255
    00000133 20                     352 	.db #0x20	; 32
    00000134 FF                     353 	.db #0xff	; 255
    00000135 22                     354 	.db #0x22	; 34
    00000136 DF                     355 	.db #0xdf	; 223
    00000137 FC                     356 	.db #0xfc	; 252
    00000138 DF                     357 	.db #0xdf	; 223
    00000139 70                     358 	.db #0x70	; 112	'p'
    0000013A FF                     359 	.db #0xff	; 255
    0000013B 20                     360 	.db #0x20	; 32
    0000013C FF                     361 	.db #0xff	; 255
    0000013D 00                     362 	.db #0x00	; 0
    0000013E FF                     363 	.db #0xff	; 255
    0000013F 00                     364 	.db #0x00	; 0
    00000140 0F                     365 	.db #0x0f	; 15
    00000141 08                     366 	.db #0x08	; 8
    00000142 1F                     367 	.db #0x1f	; 31
    00000143 10                     368 	.db #0x10	; 16
    00000144 3F                     369 	.db #0x3f	; 63
    00000145 20                     370 	.db #0x20	; 32
    00000146 4F                     371 	.db #0x4f	; 79	'O'
    00000147 70                     372 	.db #0x70	; 112	'p'
    00000148 87                     373 	.db #0x87	; 135
    00000149 FF                     374 	.db #0xff	; 255
    0000014A 8C                     375 	.db #0x8c	; 140
    0000014B FF                     376 	.db #0xff	; 255
    0000014C 48                     377 	.db #0x48	; 72	'H'
    0000014D 7F                     378 	.db #0x7f	; 127
    0000014E 30                     379 	.db #0x30	; 48	'0'
    0000014F 3F                     380 	.db #0x3f	; 63
    00000150 F0                     381 	.db #0xf0	; 240
    00000151 10                     382 	.db #0x10	; 16
    00000152 FC                     383 	.db #0xfc	; 252
    00000153 0C                     384 	.db #0x0c	; 12
    00000154 F2                     385 	.db #0xf2	; 242
    00000155 0E                     386 	.db #0x0e	; 14
    00000156 E1                     387 	.db #0xe1	; 225
    00000157 1F                     388 	.db #0x1f	; 31
    00000158 FA                     389 	.db #0xfa	; 250
    00000159 3E                     390 	.db #0x3e	; 62
    0000015A EE                     391 	.db #0xee	; 238
    0000015B 2E                     392 	.db #0x2e	; 46
    0000015C E0                     393 	.db #0xe0	; 224
    0000015D 20                     394 	.db #0x20	; 32
    0000015E E0                     395 	.db #0xe0	; 224
    0000015F 20                     396 	.db #0x20	; 32
    00000160 09                     397 	.db #0x09	; 9
    00000161 0E                     398 	.db #0x0e	; 14
    00000162 09                     399 	.db #0x09	; 9
    00000163 0E                     400 	.db #0x0e	; 14
    00000164 C9                     401 	.db #0xc9	; 201
    00000165 CE                     402 	.db #0xce	; 206
    00000166 A8                     403 	.db #0xa8	; 168
    00000167 EF                     404 	.db #0xef	; 239
    00000168 94                     405 	.db #0x94	; 148
    00000169 F7                     406 	.db #0xf7	; 247
    0000016A 5E                     407 	.db #0x5e	; 94
    0000016B 6F                     408 	.db #0x6f	; 111	'o'
    0000016C 7F                     409 	.db #0x7f	; 127
    0000016D 4F                     410 	.db #0x4f	; 79	'O'
    0000016E 30                     411 	.db #0x30	; 48	'0'
    0000016F 30                     412 	.db #0x30	; 48	'0'
    00000170                        413 _cat_animated_tilemap:
    00000170 01                     414 	.db #0x01	; 1
    00000171 02                     415 	.db #0x02	; 2
    00000172 11                     416 	.db #0x11	; 17
    00000173 04                     417 	.db #0x04	; 4
    00000174 05                     418 	.db #0x05	; 5
    00000175 06                     419 	.db #0x06	; 6
    00000176 12                     420 	.db #0x12	; 18
    00000177 08                     421 	.db #0x08	; 8
    00000178 13                     422 	.db #0x13	; 19
    00000179 0A                     423 	.db #0x0a	; 10
    0000017A 0B                     424 	.db #0x0b	; 11
    0000017B 14                     425 	.db #0x14	; 20
    0000017C 15                     426 	.db #0x15	; 21
    0000017D 0E                     427 	.db #0x0e	; 14
    0000017E 0F                     428 	.db #0x0f	; 15
    0000017F 10                     429 	.db #0x10	; 16
                                    430 	.area _INITIALIZER
                                    431 	.area _CABS (ABS)
