                                      1 ;--------------------------------------------------------
                                      2 ; File Created by SDCC : free open source ISO C Compiler
                                      3 ; Version 4.5.1 #15267 (MINGW64)
                                      4 ;--------------------------------------------------------
                                      5 	.module jester
                                      6 	
                                      7 ;--------------------------------------------------------
                                      8 ; Public variables in this module
                                      9 ;--------------------------------------------------------
                                     10 	.globl _jester_tilemap
                                     11 	.globl _jester
                                     12 ;--------------------------------------------------------
                                     13 ; special function registers
                                     14 ;--------------------------------------------------------
                                     15 ;--------------------------------------------------------
                                     16 ; ram data
                                     17 ;--------------------------------------------------------
                                     18 	.area _DATA
                                     19 ;--------------------------------------------------------
                                     20 ; ram data
                                     21 ;--------------------------------------------------------
                                     22 	.area _INITIALIZED
                                     23 ;--------------------------------------------------------
                                     24 ; absolute external ram data
                                     25 ;--------------------------------------------------------
                                     26 	.area _DABS (ABS)
                                     27 ;--------------------------------------------------------
                                     28 ; global & static initialisations
                                     29 ;--------------------------------------------------------
                                     30 	.area _HOME
                                     31 	.area _GSINIT
                                     32 	.area _GSFINAL
                                     33 	.area _GSINIT
                                     34 ;--------------------------------------------------------
                                     35 ; Home
                                     36 ;--------------------------------------------------------
                                     37 	.area _HOME
                                     38 	.area _HOME
                                     39 ;--------------------------------------------------------
                                     40 ; code
                                     41 ;--------------------------------------------------------
                                     42 	.area _CODE
                                     43 	.area _CODE
    00000000                         44 _jester:
    00000000 00                      45 	.db #0x00	; 0
    00000001 00                      46 	.db #0x00	; 0
    00000002 00                      47 	.db #0x00	; 0
    00000003 00                      48 	.db #0x00	; 0
    00000004 00                      49 	.db #0x00	; 0
    00000005 00                      50 	.db #0x00	; 0
    00000006 00                      51 	.db #0x00	; 0
    00000007 00                      52 	.db #0x00	; 0
    00000008 00                      53 	.db #0x00	; 0
    00000009 00                      54 	.db #0x00	; 0
    0000000A 00                      55 	.db #0x00	; 0
    0000000B 00                      56 	.db #0x00	; 0
    0000000C 00                      57 	.db #0x00	; 0
    0000000D 00                      58 	.db #0x00	; 0
    0000000E 00                      59 	.db #0x00	; 0
    0000000F 00                      60 	.db #0x00	; 0
    00000010 03                      61 	.db #0x03	; 3
    00000011 03                      62 	.db #0x03	; 3
    00000012 04                      63 	.db #0x04	; 4
    00000013 07                      64 	.db #0x07	; 7
    00000014 09                      65 	.db #0x09	; 9
    00000015 0E                      66 	.db #0x0e	; 14
    00000016 0B                      67 	.db #0x0b	; 11
    00000017 0C                      68 	.db #0x0c	; 12
    00000018 17                      69 	.db #0x17	; 23
    00000019 18                      70 	.db #0x18	; 24
    0000001A 2F                      71 	.db #0x2f	; 47
    0000001B 31                      72 	.db #0x31	; 49	'1'
    0000001C 5E                      73 	.db #0x5e	; 94
    0000001D 63                      74 	.db #0x63	; 99	'c'
    0000001E 9C                      75 	.db #0x9c	; 156
    0000001F E3                      76 	.db #0xe3	; 227
    00000020 FF                      77 	.db #0xff	; 255
    00000021 FF                      78 	.db #0xff	; 255
    00000022 00                      79 	.db #0x00	; 0
    00000023 FF                      80 	.db #0xff	; 255
    00000024 FF                      81 	.db #0xff	; 255
    00000025 00                      82 	.db #0x00	; 0
    00000026 FF                      83 	.db #0xff	; 255
    00000027 00                      84 	.db #0x00	; 0
    00000028 FF                      85 	.db #0xff	; 255
    00000029 00                      86 	.db #0x00	; 0
    0000002A FF                      87 	.db #0xff	; 255
    0000002B 82                      88 	.db #0x82	; 130
    0000002C 7D                      89 	.db #0x7d	; 125
    0000002D C7                      90 	.db #0xc7	; 199
    0000002E 7C                      91 	.db #0x7c	; 124
    0000002F FF                      92 	.db #0xff	; 255
    00000030 80                      93 	.db #0x80	; 128
    00000031 80                      94 	.db #0x80	; 128
    00000032 40                      95 	.db #0x40	; 64
    00000033 C0                      96 	.db #0xc0	; 192
    00000034 20                      97 	.db #0x20	; 32
    00000035 E0                      98 	.db #0xe0	; 224
    00000036 A0                      99 	.db #0xa0	; 160
    00000037 60                     100 	.db #0x60	; 96
    00000038 90                     101 	.db #0x90	; 144
    00000039 70                     102 	.db #0x70	; 112	'p'
    0000003A C8                     103 	.db #0xc8	; 200
    0000003B 38                     104 	.db #0x38	; 56	'8'
    0000003C F8                     105 	.db #0xf8	; 248
    0000003D 08                     106 	.db #0x08	; 8
    0000003E E4                     107 	.db #0xe4	; 228
    0000003F 9C                     108 	.db #0x9c	; 156
    00000040 B9                     109 	.db #0xb9	; 185
    00000041 C7                     110 	.db #0xc7	; 199
    00000042 BF                     111 	.db #0xbf	; 191
    00000043 C0                     112 	.db #0xc0	; 192
    00000044 BF                     113 	.db #0xbf	; 191
    00000045 C2                     114 	.db #0xc2	; 194
    00000046 AB                     115 	.db #0xab	; 171
    00000047 D6                     116 	.db #0xd6	; 214
    00000048 BF                     117 	.db #0xbf	; 191
    00000049 C2                     118 	.db #0xc2	; 194
    0000004A 9B                     119 	.db #0x9b	; 155
    0000004B E6                     120 	.db #0xe6	; 230
    0000004C 43                     121 	.db #0x43	; 67	'C'
    0000004D 7E                     122 	.db #0x7e	; 126
    0000004E 3D                     123 	.db #0x3d	; 61
    0000004F 3D                     124 	.db #0x3d	; 61
    00000050 FE                     125 	.db #0xfe	; 254
    00000051 03                     126 	.db #0x03	; 3
    00000052 FE                     127 	.db #0xfe	; 254
    00000053 01                     128 	.db #0x01	; 1
    00000054 FF                     129 	.db #0xff	; 255
    00000055 01                     130 	.db #0x01	; 1
    00000056 FF                     131 	.db #0xff	; 255
    00000057 71                     132 	.db #0x71	; 113	'q'
    00000058 FF                     133 	.db #0xff	; 255
    00000059 71                     134 	.db #0x71	; 113	'q'
    0000005A FF                     135 	.db #0xff	; 255
    0000005B 21                     136 	.db #0x21	; 33
    0000005C FF                     137 	.db #0xff	; 255
    0000005D 01                     138 	.db #0x01	; 1
    0000005E FE                     139 	.db #0xfe	; 254
    0000005F 07                     140 	.db #0x07	; 7
    00000060 F2                     141 	.db #0xf2	; 242
    00000061 8E                     142 	.db #0x8e	; 142
    00000062 F2                     143 	.db #0xf2	; 242
    00000063 8E                     144 	.db #0x8e	; 142
    00000064 EA                     145 	.db #0xea	; 234
    00000065 16                     146 	.db #0x16	; 22
    00000066 7A                     147 	.db #0x7a	; 122	'z'
    00000067 86                     148 	.db #0x86	; 134
    00000068 7A                     149 	.db #0x7a	; 122	'z'
    00000069 86                     150 	.db #0x86	; 134
    0000006A 72                     151 	.db #0x72	; 114	'r'
    0000006B 8E                     152 	.db #0x8e	; 142
    0000006C 25                     153 	.db #0x25	; 37
    0000006D DF                     154 	.db #0xdf	; 223
    0000006E 88                     155 	.db #0x88	; 136
    0000006F FF                     156 	.db #0xff	; 255
    00000070 00                     157 	.db #0x00	; 0
    00000071 00                     158 	.db #0x00	; 0
    00000072 00                     159 	.db #0x00	; 0
    00000073 00                     160 	.db #0x00	; 0
    00000074 1E                     161 	.db #0x1e	; 30
    00000075 1E                     162 	.db #0x1e	; 30
    00000076 21                     163 	.db #0x21	; 33
    00000077 3F                     164 	.db #0x3f	; 63
    00000078 49                     165 	.db #0x49	; 73	'I'
    00000079 77                     166 	.db #0x77	; 119	'w'
    0000007A 3D                     167 	.db #0x3d	; 61
    0000007B 33                     168 	.db #0x33	; 51	'3'
    0000007C 1B                     169 	.db #0x1b	; 27
    0000007D 15                     170 	.db #0x15	; 21
    0000007E FF                     171 	.db #0xff	; 255
    0000007F E1                     172 	.db #0xe1	; 225
    00000080 00                     173 	.db #0x00	; 0
    00000081 00                     174 	.db #0x00	; 0
    00000082 01                     175 	.db #0x01	; 1
    00000083 01                     176 	.db #0x01	; 1
    00000084 01                     177 	.db #0x01	; 1
    00000085 01                     178 	.db #0x01	; 1
    00000086 02                     179 	.db #0x02	; 2
    00000087 03                     180 	.db #0x03	; 3
    00000088 02                     181 	.db #0x02	; 2
    00000089 03                     182 	.db #0x03	; 3
    0000008A 01                     183 	.db #0x01	; 1
    0000008B 01                     184 	.db #0x01	; 1
    0000008C 00                     185 	.db #0x00	; 0
    0000008D 00                     186 	.db #0x00	; 0
    0000008E 00                     187 	.db #0x00	; 0
    0000008F 00                     188 	.db #0x00	; 0
    00000090 F8                     189 	.db #0xf8	; 248
    00000091 FF                     190 	.db #0xff	; 255
    00000092 03                     191 	.db #0x03	; 3
    00000093 FC                     192 	.db #0xfc	; 252
    00000094 0F                     193 	.db #0x0f	; 15
    00000095 F0                     194 	.db #0xf0	; 240
    00000096 5F                     195 	.db #0x5f	; 95
    00000097 A0                     196 	.db #0xa0	; 160
    00000098 7F                     197 	.db #0x7f	; 127
    00000099 80                     198 	.db #0x80	; 128
    0000009A 3F                     199 	.db #0x3f	; 63
    0000009B C0                     200 	.db #0xc0	; 192
    0000009C 9F                     201 	.db #0x9f	; 159
    0000009D E0                     202 	.db #0xe0	; 224
    0000009E DF                     203 	.db #0xdf	; 223
    0000009F E0                     204 	.db #0xe0	; 224
    000000A0 72                     205 	.db #0x72	; 114	'r'
    000000A1 FD                     206 	.db #0xfd	; 253
    000000A2 07                     207 	.db #0x07	; 7
    000000A3 F8                     208 	.db #0xf8	; 248
    000000A4 FD                     209 	.db #0xfd	; 253
    000000A5 02                     210 	.db #0x02	; 2
    000000A6 FF                     211 	.db #0xff	; 255
    000000A7 00                     212 	.db #0x00	; 0
    000000A8 FF                     213 	.db #0xff	; 255
    000000A9 00                     214 	.db #0x00	; 0
    000000AA FF                     215 	.db #0xff	; 255
    000000AB 00                     216 	.db #0x00	; 0
    000000AC FF                     217 	.db #0xff	; 255
    000000AD 02                     218 	.db #0x02	; 2
    000000AE FF                     219 	.db #0xff	; 255
    000000AF 06                     220 	.db #0x06	; 6
    000000B0 7D                     221 	.db #0x7d	; 125
    000000B1 93                     222 	.db #0x93	; 147
    000000B2 79                     223 	.db #0x79	; 121	'y'
    000000B3 97                     224 	.db #0x97	; 151
    000000B4 FF                     225 	.db #0xff	; 255
    000000B5 0F                     226 	.db #0x0f	; 15
    000000B6 F8                     227 	.db #0xf8	; 248
    000000B7 08                     228 	.db #0x08	; 8
    000000B8 F8                     229 	.db #0xf8	; 248
    000000B9 08                     230 	.db #0x08	; 8
    000000BA F8                     231 	.db #0xf8	; 248
    000000BB 08                     232 	.db #0x08	; 8
    000000BC F0                     233 	.db #0xf0	; 240
    000000BD 10                     234 	.db #0x10	; 16
    000000BE F0                     235 	.db #0xf0	; 240
    000000BF 10                     236 	.db #0x10	; 16
    000000C0 00                     237 	.db #0x00	; 0
    000000C1 00                     238 	.db #0x00	; 0
    000000C2 01                     239 	.db #0x01	; 1
    000000C3 01                     240 	.db #0x01	; 1
    000000C4 01                     241 	.db #0x01	; 1
    000000C5 01                     242 	.db #0x01	; 1
    000000C6 01                     243 	.db #0x01	; 1
    000000C7 01                     244 	.db #0x01	; 1
    000000C8 02                     245 	.db #0x02	; 2
    000000C9 03                     246 	.db #0x03	; 3
    000000CA 02                     247 	.db #0x02	; 2
    000000CB 03                     248 	.db #0x03	; 3
    000000CC 01                     249 	.db #0x01	; 1
    000000CD 01                     250 	.db #0x01	; 1
    000000CE 00                     251 	.db #0x00	; 0
    000000CF 00                     252 	.db #0x00	; 0
    000000D0 DF                     253 	.db #0xdf	; 223
    000000D1 E0                     254 	.db #0xe0	; 224
    000000D2 FF                     255 	.db #0xff	; 255
    000000D3 40                     256 	.db #0x40	; 64
    000000D4 FF                     257 	.db #0xff	; 255
    000000D5 20                     258 	.db #0x20	; 32
    000000D6 DF                     259 	.db #0xdf	; 223
    000000D7 30                     260 	.db #0x30	; 48	'0'
    000000D8 9F                     261 	.db #0x9f	; 159
    000000D9 70                     262 	.db #0x70	; 112	'p'
    000000DA 17                     263 	.db #0x17	; 23
    000000DB F8                     264 	.db #0xf8	; 248
    000000DC F0                     265 	.db #0xf0	; 240
    000000DD FF                     266 	.db #0xff	; 255
    000000DE 0F                     267 	.db #0x0f	; 15
    000000DF 0F                     268 	.db #0x0f	; 15
    000000E0 FB                     269 	.db #0xfb	; 251
    000000E1 7E                     270 	.db #0x7e	; 126
    000000E2 C1                     271 	.db #0xc1	; 193
    000000E3 7F                     272 	.db #0x7f	; 127
    000000E4 C1                     273 	.db #0xc1	; 193
    000000E5 7F                     274 	.db #0x7f	; 127
    000000E6 A1                     275 	.db #0xa1	; 161
    000000E7 7F                     276 	.db #0x7f	; 127
    000000E8 21                     277 	.db #0x21	; 33
    000000E9 FF                     278 	.db #0xff	; 255
    000000EA 47                     279 	.db #0x47	; 71	'G'
    000000EB FE                     280 	.db #0xfe	; 254
    000000EC 7C                     281 	.db #0x7c	; 124
    000000ED FF                     282 	.db #0xff	; 255
    000000EE 83                     283 	.db #0x83	; 131
    000000EF 83                     284 	.db #0x83	; 131
    000000F0 F0                     285 	.db #0xf0	; 240
    000000F1 10                     286 	.db #0x10	; 16
    000000F2 E8                     287 	.db #0xe8	; 232
    000000F3 18                     288 	.db #0x18	; 24
    000000F4 E8                     289 	.db #0xe8	; 232
    000000F5 18                     290 	.db #0x18	; 24
    000000F6 E4                     291 	.db #0xe4	; 228
    000000F7 1C                     292 	.db #0x1c	; 28
    000000F8 C4                     293 	.db #0xc4	; 196
    000000F9 3C                     294 	.db #0x3c	; 60
    000000FA 88                     295 	.db #0x88	; 136
    000000FB 78                     296 	.db #0x78	; 120	'x'
    000000FC 10                     297 	.db #0x10	; 16
    000000FD F0                     298 	.db #0xf0	; 240
    000000FE E0                     299 	.db #0xe0	; 224
    000000FF E0                     300 	.db #0xe0	; 224
    00000100                        301 _jester_tilemap:
    00000100 01                     302 	.db #0x01	; 1
    00000101 02                     303 	.db #0x02	; 2
    00000102 03                     304 	.db #0x03	; 3
    00000103 00                     305 	.db #0x00	; 0
    00000104 04                     306 	.db #0x04	; 4
    00000105 05                     307 	.db #0x05	; 5
    00000106 06                     308 	.db #0x06	; 6
    00000107 07                     309 	.db #0x07	; 7
    00000108 08                     310 	.db #0x08	; 8
    00000109 09                     311 	.db #0x09	; 9
    0000010A 0A                     312 	.db #0x0a	; 10
    0000010B 0B                     313 	.db #0x0b	; 11
    0000010C 0C                     314 	.db #0x0c	; 12
    0000010D 0D                     315 	.db #0x0d	; 13
    0000010E 0E                     316 	.db #0x0e	; 14
    0000010F 0F                     317 	.db #0x0f	; 15
                                    318 	.area _INITIALIZER
                                    319 	.area _CABS (ABS)
