                                      1 ;--------------------------------------------------------
                                      2 ; File Created by SDCC : free open source ISO C Compiler
                                      3 ; Version 4.5.1 #15267 (MINGW64)
                                      4 ;--------------------------------------------------------
                                      5 	.module keyboarddata
                                      6 	
                                      7 ;--------------------------------------------------------
                                      8 ; Public variables in this module
                                      9 ;--------------------------------------------------------
                                     10 	.globl _keyboarddata
                                     11 ;--------------------------------------------------------
                                     12 ; special function registers
                                     13 ;--------------------------------------------------------
                                     14 ;--------------------------------------------------------
                                     15 ; ram data
                                     16 ;--------------------------------------------------------
                                     17 	.area _DATA
                                     18 ;--------------------------------------------------------
                                     19 ; ram data
                                     20 ;--------------------------------------------------------
                                     21 	.area _INITIALIZED
                                     22 ;--------------------------------------------------------
                                     23 ; absolute external ram data
                                     24 ;--------------------------------------------------------
                                     25 	.area _DABS (ABS)
                                     26 ;--------------------------------------------------------
                                     27 ; global & static initialisations
                                     28 ;--------------------------------------------------------
                                     29 	.area _HOME
                                     30 	.area _GSINIT
                                     31 	.area _GSFINAL
                                     32 	.area _GSINIT
                                     33 ;--------------------------------------------------------
                                     34 ; Home
                                     35 ;--------------------------------------------------------
                                     36 	.area _HOME
                                     37 	.area _HOME
                                     38 ;--------------------------------------------------------
                                     39 ; code
                                     40 ;--------------------------------------------------------
                                     41 	.area _CODE
                                     42 	.area _CODE
    00000000                         43 _keyboarddata:
    00000000 FF                      44 	.db #0xff	; 255
    00000001 FF                      45 	.db #0xff	; 255
    00000002 FF                      46 	.db #0xff	; 255
    00000003 FF                      47 	.db #0xff	; 255
    00000004 FF                      48 	.db #0xff	; 255
    00000005 FF                      49 	.db #0xff	; 255
    00000006 FF                      50 	.db #0xff	; 255
    00000007 FF                      51 	.db #0xff	; 255
    00000008 FF                      52 	.db #0xff	; 255
    00000009 FF                      53 	.db #0xff	; 255
    0000000A FF                      54 	.db #0xff	; 255
    0000000B FF                      55 	.db #0xff	; 255
    0000000C FF                      56 	.db #0xff	; 255
    0000000D FF                      57 	.db #0xff	; 255
    0000000E FF                      58 	.db #0xff	; 255
    0000000F FF                      59 	.db #0xff	; 255
    00000010 C7                      60 	.db #0xc7	; 199
    00000011 C7                      61 	.db #0xc7	; 199
    00000012 93                      62 	.db #0x93	; 147
    00000013 93                      63 	.db #0x93	; 147
    00000014 39                      64 	.db #0x39	; 57	'9'
    00000015 39                      65 	.db #0x39	; 57	'9'
    00000016 39                      66 	.db #0x39	; 57	'9'
    00000017 39                      67 	.db #0x39	; 57	'9'
    00000018 01                      68 	.db #0x01	; 1
    00000019 01                      69 	.db #0x01	; 1
    0000001A 39                      70 	.db #0x39	; 57	'9'
    0000001B 39                      71 	.db #0x39	; 57	'9'
    0000001C 39                      72 	.db #0x39	; 57	'9'
    0000001D 39                      73 	.db #0x39	; 57	'9'
    0000001E FF                      74 	.db #0xff	; 255
    0000001F FF                      75 	.db #0xff	; 255
    00000020 03                      76 	.db #0x03	; 3
    00000021 03                      77 	.db #0x03	; 3
    00000022 39                      78 	.db #0x39	; 57	'9'
    00000023 39                      79 	.db #0x39	; 57	'9'
    00000024 39                      80 	.db #0x39	; 57	'9'
    00000025 39                      81 	.db #0x39	; 57	'9'
    00000026 03                      82 	.db #0x03	; 3
    00000027 03                      83 	.db #0x03	; 3
    00000028 39                      84 	.db #0x39	; 57	'9'
    00000029 39                      85 	.db #0x39	; 57	'9'
    0000002A 39                      86 	.db #0x39	; 57	'9'
    0000002B 39                      87 	.db #0x39	; 57	'9'
    0000002C 03                      88 	.db #0x03	; 3
    0000002D 03                      89 	.db #0x03	; 3
    0000002E FF                      90 	.db #0xff	; 255
    0000002F FF                      91 	.db #0xff	; 255
    00000030 C3                      92 	.db #0xc3	; 195
    00000031 C3                      93 	.db #0xc3	; 195
    00000032 99                      94 	.db #0x99	; 153
    00000033 99                      95 	.db #0x99	; 153
    00000034 3F                      96 	.db #0x3f	; 63
    00000035 3F                      97 	.db #0x3f	; 63
    00000036 3F                      98 	.db #0x3f	; 63
    00000037 3F                      99 	.db #0x3f	; 63
    00000038 3F                     100 	.db #0x3f	; 63
    00000039 3F                     101 	.db #0x3f	; 63
    0000003A 99                     102 	.db #0x99	; 153
    0000003B 99                     103 	.db #0x99	; 153
    0000003C C3                     104 	.db #0xc3	; 195
    0000003D C3                     105 	.db #0xc3	; 195
    0000003E FF                     106 	.db #0xff	; 255
    0000003F FF                     107 	.db #0xff	; 255
    00000040 07                     108 	.db #0x07	; 7
    00000041 07                     109 	.db #0x07	; 7
    00000042 33                     110 	.db #0x33	; 51	'3'
    00000043 33                     111 	.db #0x33	; 51	'3'
    00000044 39                     112 	.db #0x39	; 57	'9'
    00000045 39                     113 	.db #0x39	; 57	'9'
    00000046 39                     114 	.db #0x39	; 57	'9'
    00000047 39                     115 	.db #0x39	; 57	'9'
    00000048 39                     116 	.db #0x39	; 57	'9'
    00000049 39                     117 	.db #0x39	; 57	'9'
    0000004A 33                     118 	.db #0x33	; 51	'3'
    0000004B 33                     119 	.db #0x33	; 51	'3'
    0000004C 07                     120 	.db #0x07	; 7
    0000004D 07                     121 	.db #0x07	; 7
    0000004E FF                     122 	.db #0xff	; 255
    0000004F FF                     123 	.db #0xff	; 255
    00000050 01                     124 	.db #0x01	; 1
    00000051 01                     125 	.db #0x01	; 1
    00000052 3F                     126 	.db #0x3f	; 63
    00000053 3F                     127 	.db #0x3f	; 63
    00000054 3F                     128 	.db #0x3f	; 63
    00000055 3F                     129 	.db #0x3f	; 63
    00000056 03                     130 	.db #0x03	; 3
    00000057 03                     131 	.db #0x03	; 3
    00000058 3F                     132 	.db #0x3f	; 63
    00000059 3F                     133 	.db #0x3f	; 63
    0000005A 3F                     134 	.db #0x3f	; 63
    0000005B 3F                     135 	.db #0x3f	; 63
    0000005C 01                     136 	.db #0x01	; 1
    0000005D 01                     137 	.db #0x01	; 1
    0000005E FF                     138 	.db #0xff	; 255
    0000005F FF                     139 	.db #0xff	; 255
    00000060 01                     140 	.db #0x01	; 1
    00000061 01                     141 	.db #0x01	; 1
    00000062 3F                     142 	.db #0x3f	; 63
    00000063 3F                     143 	.db #0x3f	; 63
    00000064 3F                     144 	.db #0x3f	; 63
    00000065 3F                     145 	.db #0x3f	; 63
    00000066 03                     146 	.db #0x03	; 3
    00000067 03                     147 	.db #0x03	; 3
    00000068 3F                     148 	.db #0x3f	; 63
    00000069 3F                     149 	.db #0x3f	; 63
    0000006A 3F                     150 	.db #0x3f	; 63
    0000006B 3F                     151 	.db #0x3f	; 63
    0000006C 3F                     152 	.db #0x3f	; 63
    0000006D 3F                     153 	.db #0x3f	; 63
    0000006E FF                     154 	.db #0xff	; 255
    0000006F FF                     155 	.db #0xff	; 255
    00000070 C1                     156 	.db #0xc1	; 193
    00000071 C1                     157 	.db #0xc1	; 193
    00000072 9F                     158 	.db #0x9f	; 159
    00000073 9F                     159 	.db #0x9f	; 159
    00000074 3F                     160 	.db #0x3f	; 63
    00000075 3F                     161 	.db #0x3f	; 63
    00000076 31                     162 	.db #0x31	; 49	'1'
    00000077 31                     163 	.db #0x31	; 49	'1'
    00000078 39                     164 	.db #0x39	; 57	'9'
    00000079 39                     165 	.db #0x39	; 57	'9'
    0000007A 99                     166 	.db #0x99	; 153
    0000007B 99                     167 	.db #0x99	; 153
    0000007C C1                     168 	.db #0xc1	; 193
    0000007D C1                     169 	.db #0xc1	; 193
    0000007E FF                     170 	.db #0xff	; 255
    0000007F FF                     171 	.db #0xff	; 255
    00000080 39                     172 	.db #0x39	; 57	'9'
    00000081 39                     173 	.db #0x39	; 57	'9'
    00000082 39                     174 	.db #0x39	; 57	'9'
    00000083 39                     175 	.db #0x39	; 57	'9'
    00000084 39                     176 	.db #0x39	; 57	'9'
    00000085 39                     177 	.db #0x39	; 57	'9'
    00000086 01                     178 	.db #0x01	; 1
    00000087 01                     179 	.db #0x01	; 1
    00000088 39                     180 	.db #0x39	; 57	'9'
    00000089 39                     181 	.db #0x39	; 57	'9'
    0000008A 39                     182 	.db #0x39	; 57	'9'
    0000008B 39                     183 	.db #0x39	; 57	'9'
    0000008C 39                     184 	.db #0x39	; 57	'9'
    0000008D 39                     185 	.db #0x39	; 57	'9'
    0000008E FF                     186 	.db #0xff	; 255
    0000008F FF                     187 	.db #0xff	; 255
    00000090 81                     188 	.db #0x81	; 129
    00000091 81                     189 	.db #0x81	; 129
    00000092 E7                     190 	.db #0xe7	; 231
    00000093 E7                     191 	.db #0xe7	; 231
    00000094 E7                     192 	.db #0xe7	; 231
    00000095 E7                     193 	.db #0xe7	; 231
    00000096 E7                     194 	.db #0xe7	; 231
    00000097 E7                     195 	.db #0xe7	; 231
    00000098 E7                     196 	.db #0xe7	; 231
    00000099 E7                     197 	.db #0xe7	; 231
    0000009A E7                     198 	.db #0xe7	; 231
    0000009B E7                     199 	.db #0xe7	; 231
    0000009C 81                     200 	.db #0x81	; 129
    0000009D 81                     201 	.db #0x81	; 129
    0000009E FF                     202 	.db #0xff	; 255
    0000009F FF                     203 	.db #0xff	; 255
    000000A0 E1                     204 	.db #0xe1	; 225
    000000A1 E1                     205 	.db #0xe1	; 225
    000000A2 F9                     206 	.db #0xf9	; 249
    000000A3 F9                     207 	.db #0xf9	; 249
    000000A4 F9                     208 	.db #0xf9	; 249
    000000A5 F9                     209 	.db #0xf9	; 249
    000000A6 F9                     210 	.db #0xf9	; 249
    000000A7 F9                     211 	.db #0xf9	; 249
    000000A8 39                     212 	.db #0x39	; 57	'9'
    000000A9 39                     213 	.db #0x39	; 57	'9'
    000000AA 39                     214 	.db #0x39	; 57	'9'
    000000AB 39                     215 	.db #0x39	; 57	'9'
    000000AC 83                     216 	.db #0x83	; 131
    000000AD 83                     217 	.db #0x83	; 131
    000000AE FF                     218 	.db #0xff	; 255
    000000AF FF                     219 	.db #0xff	; 255
    000000B0 39                     220 	.db #0x39	; 57	'9'
    000000B1 39                     221 	.db #0x39	; 57	'9'
    000000B2 33                     222 	.db #0x33	; 51	'3'
    000000B3 33                     223 	.db #0x33	; 51	'3'
    000000B4 27                     224 	.db #0x27	; 39
    000000B5 27                     225 	.db #0x27	; 39
    000000B6 0F                     226 	.db #0x0f	; 15
    000000B7 0F                     227 	.db #0x0f	; 15
    000000B8 07                     228 	.db #0x07	; 7
    000000B9 07                     229 	.db #0x07	; 7
    000000BA 23                     230 	.db #0x23	; 35
    000000BB 23                     231 	.db #0x23	; 35
    000000BC 31                     232 	.db #0x31	; 49	'1'
    000000BD 31                     233 	.db #0x31	; 49	'1'
    000000BE FF                     234 	.db #0xff	; 255
    000000BF FF                     235 	.db #0xff	; 255
    000000C0 9F                     236 	.db #0x9f	; 159
    000000C1 9F                     237 	.db #0x9f	; 159
    000000C2 9F                     238 	.db #0x9f	; 159
    000000C3 9F                     239 	.db #0x9f	; 159
    000000C4 9F                     240 	.db #0x9f	; 159
    000000C5 9F                     241 	.db #0x9f	; 159
    000000C6 9F                     242 	.db #0x9f	; 159
    000000C7 9F                     243 	.db #0x9f	; 159
    000000C8 9F                     244 	.db #0x9f	; 159
    000000C9 9F                     245 	.db #0x9f	; 159
    000000CA 9F                     246 	.db #0x9f	; 159
    000000CB 9F                     247 	.db #0x9f	; 159
    000000CC 81                     248 	.db #0x81	; 129
    000000CD 81                     249 	.db #0x81	; 129
    000000CE FF                     250 	.db #0xff	; 255
    000000CF FF                     251 	.db #0xff	; 255
    000000D0 39                     252 	.db #0x39	; 57	'9'
    000000D1 39                     253 	.db #0x39	; 57	'9'
    000000D2 11                     254 	.db #0x11	; 17
    000000D3 11                     255 	.db #0x11	; 17
    000000D4 01                     256 	.db #0x01	; 1
    000000D5 01                     257 	.db #0x01	; 1
    000000D6 01                     258 	.db #0x01	; 1
    000000D7 01                     259 	.db #0x01	; 1
    000000D8 29                     260 	.db #0x29	; 41
    000000D9 29                     261 	.db #0x29	; 41
    000000DA 39                     262 	.db #0x39	; 57	'9'
    000000DB 39                     263 	.db #0x39	; 57	'9'
    000000DC 39                     264 	.db #0x39	; 57	'9'
    000000DD 39                     265 	.db #0x39	; 57	'9'
    000000DE FF                     266 	.db #0xff	; 255
    000000DF FF                     267 	.db #0xff	; 255
    000000E0 39                     268 	.db #0x39	; 57	'9'
    000000E1 39                     269 	.db #0x39	; 57	'9'
    000000E2 19                     270 	.db #0x19	; 25
    000000E3 19                     271 	.db #0x19	; 25
    000000E4 09                     272 	.db #0x09	; 9
    000000E5 09                     273 	.db #0x09	; 9
    000000E6 01                     274 	.db #0x01	; 1
    000000E7 01                     275 	.db #0x01	; 1
    000000E8 21                     276 	.db #0x21	; 33
    000000E9 21                     277 	.db #0x21	; 33
    000000EA 31                     278 	.db #0x31	; 49	'1'
    000000EB 31                     279 	.db #0x31	; 49	'1'
    000000EC 39                     280 	.db #0x39	; 57	'9'
    000000ED 39                     281 	.db #0x39	; 57	'9'
    000000EE FF                     282 	.db #0xff	; 255
    000000EF FF                     283 	.db #0xff	; 255
    000000F0 83                     284 	.db #0x83	; 131
    000000F1 83                     285 	.db #0x83	; 131
    000000F2 39                     286 	.db #0x39	; 57	'9'
    000000F3 39                     287 	.db #0x39	; 57	'9'
    000000F4 39                     288 	.db #0x39	; 57	'9'
    000000F5 39                     289 	.db #0x39	; 57	'9'
    000000F6 39                     290 	.db #0x39	; 57	'9'
    000000F7 39                     291 	.db #0x39	; 57	'9'
    000000F8 39                     292 	.db #0x39	; 57	'9'
    000000F9 39                     293 	.db #0x39	; 57	'9'
    000000FA 39                     294 	.db #0x39	; 57	'9'
    000000FB 39                     295 	.db #0x39	; 57	'9'
    000000FC 83                     296 	.db #0x83	; 131
    000000FD 83                     297 	.db #0x83	; 131
    000000FE FF                     298 	.db #0xff	; 255
    000000FF FF                     299 	.db #0xff	; 255
    00000100 03                     300 	.db #0x03	; 3
    00000101 03                     301 	.db #0x03	; 3
    00000102 39                     302 	.db #0x39	; 57	'9'
    00000103 39                     303 	.db #0x39	; 57	'9'
    00000104 39                     304 	.db #0x39	; 57	'9'
    00000105 39                     305 	.db #0x39	; 57	'9'
    00000106 39                     306 	.db #0x39	; 57	'9'
    00000107 39                     307 	.db #0x39	; 57	'9'
    00000108 03                     308 	.db #0x03	; 3
    00000109 03                     309 	.db #0x03	; 3
    0000010A 3F                     310 	.db #0x3f	; 63
    0000010B 3F                     311 	.db #0x3f	; 63
    0000010C 3F                     312 	.db #0x3f	; 63
    0000010D 3F                     313 	.db #0x3f	; 63
    0000010E FF                     314 	.db #0xff	; 255
    0000010F FF                     315 	.db #0xff	; 255
    00000110 83                     316 	.db #0x83	; 131
    00000111 83                     317 	.db #0x83	; 131
    00000112 39                     318 	.db #0x39	; 57	'9'
    00000113 39                     319 	.db #0x39	; 57	'9'
    00000114 39                     320 	.db #0x39	; 57	'9'
    00000115 39                     321 	.db #0x39	; 57	'9'
    00000116 39                     322 	.db #0x39	; 57	'9'
    00000117 39                     323 	.db #0x39	; 57	'9'
    00000118 21                     324 	.db #0x21	; 33
    00000119 21                     325 	.db #0x21	; 33
    0000011A 33                     326 	.db #0x33	; 51	'3'
    0000011B 33                     327 	.db #0x33	; 51	'3'
    0000011C 85                     328 	.db #0x85	; 133
    0000011D 85                     329 	.db #0x85	; 133
    0000011E FF                     330 	.db #0xff	; 255
    0000011F FF                     331 	.db #0xff	; 255
    00000120 03                     332 	.db #0x03	; 3
    00000121 03                     333 	.db #0x03	; 3
    00000122 39                     334 	.db #0x39	; 57	'9'
    00000123 39                     335 	.db #0x39	; 57	'9'
    00000124 39                     336 	.db #0x39	; 57	'9'
    00000125 39                     337 	.db #0x39	; 57	'9'
    00000126 31                     338 	.db #0x31	; 49	'1'
    00000127 31                     339 	.db #0x31	; 49	'1'
    00000128 07                     340 	.db #0x07	; 7
    00000129 07                     341 	.db #0x07	; 7
    0000012A 23                     342 	.db #0x23	; 35
    0000012B 23                     343 	.db #0x23	; 35
    0000012C 31                     344 	.db #0x31	; 49	'1'
    0000012D 31                     345 	.db #0x31	; 49	'1'
    0000012E FF                     346 	.db #0xff	; 255
    0000012F FF                     347 	.db #0xff	; 255
    00000130 87                     348 	.db #0x87	; 135
    00000131 87                     349 	.db #0x87	; 135
    00000132 33                     350 	.db #0x33	; 51	'3'
    00000133 33                     351 	.db #0x33	; 51	'3'
    00000134 3F                     352 	.db #0x3f	; 63
    00000135 3F                     353 	.db #0x3f	; 63
    00000136 83                     354 	.db #0x83	; 131
    00000137 83                     355 	.db #0x83	; 131
    00000138 F9                     356 	.db #0xf9	; 249
    00000139 F9                     357 	.db #0xf9	; 249
    0000013A 39                     358 	.db #0x39	; 57	'9'
    0000013B 39                     359 	.db #0x39	; 57	'9'
    0000013C 83                     360 	.db #0x83	; 131
    0000013D 83                     361 	.db #0x83	; 131
    0000013E FF                     362 	.db #0xff	; 255
    0000013F FF                     363 	.db #0xff	; 255
    00000140 81                     364 	.db #0x81	; 129
    00000141 81                     365 	.db #0x81	; 129
    00000142 E7                     366 	.db #0xe7	; 231
    00000143 E7                     367 	.db #0xe7	; 231
    00000144 E7                     368 	.db #0xe7	; 231
    00000145 E7                     369 	.db #0xe7	; 231
    00000146 E7                     370 	.db #0xe7	; 231
    00000147 E7                     371 	.db #0xe7	; 231
    00000148 E7                     372 	.db #0xe7	; 231
    00000149 E7                     373 	.db #0xe7	; 231
    0000014A E7                     374 	.db #0xe7	; 231
    0000014B E7                     375 	.db #0xe7	; 231
    0000014C E7                     376 	.db #0xe7	; 231
    0000014D E7                     377 	.db #0xe7	; 231
    0000014E FF                     378 	.db #0xff	; 255
    0000014F FF                     379 	.db #0xff	; 255
    00000150 39                     380 	.db #0x39	; 57	'9'
    00000151 39                     381 	.db #0x39	; 57	'9'
    00000152 39                     382 	.db #0x39	; 57	'9'
    00000153 39                     383 	.db #0x39	; 57	'9'
    00000154 39                     384 	.db #0x39	; 57	'9'
    00000155 39                     385 	.db #0x39	; 57	'9'
    00000156 39                     386 	.db #0x39	; 57	'9'
    00000157 39                     387 	.db #0x39	; 57	'9'
    00000158 39                     388 	.db #0x39	; 57	'9'
    00000159 39                     389 	.db #0x39	; 57	'9'
    0000015A 39                     390 	.db #0x39	; 57	'9'
    0000015B 39                     391 	.db #0x39	; 57	'9'
    0000015C 83                     392 	.db #0x83	; 131
    0000015D 83                     393 	.db #0x83	; 131
    0000015E FF                     394 	.db #0xff	; 255
    0000015F FF                     395 	.db #0xff	; 255
    00000160 39                     396 	.db #0x39	; 57	'9'
    00000161 39                     397 	.db #0x39	; 57	'9'
    00000162 39                     398 	.db #0x39	; 57	'9'
    00000163 39                     399 	.db #0x39	; 57	'9'
    00000164 39                     400 	.db #0x39	; 57	'9'
    00000165 39                     401 	.db #0x39	; 57	'9'
    00000166 11                     402 	.db #0x11	; 17
    00000167 11                     403 	.db #0x11	; 17
    00000168 83                     404 	.db #0x83	; 131
    00000169 83                     405 	.db #0x83	; 131
    0000016A C7                     406 	.db #0xc7	; 199
    0000016B C7                     407 	.db #0xc7	; 199
    0000016C EF                     408 	.db #0xef	; 239
    0000016D EF                     409 	.db #0xef	; 239
    0000016E FF                     410 	.db #0xff	; 255
    0000016F FF                     411 	.db #0xff	; 255
    00000170 39                     412 	.db #0x39	; 57	'9'
    00000171 39                     413 	.db #0x39	; 57	'9'
    00000172 39                     414 	.db #0x39	; 57	'9'
    00000173 39                     415 	.db #0x39	; 57	'9'
    00000174 29                     416 	.db #0x29	; 41
    00000175 29                     417 	.db #0x29	; 41
    00000176 01                     418 	.db #0x01	; 1
    00000177 01                     419 	.db #0x01	; 1
    00000178 01                     420 	.db #0x01	; 1
    00000179 01                     421 	.db #0x01	; 1
    0000017A 11                     422 	.db #0x11	; 17
    0000017B 11                     423 	.db #0x11	; 17
    0000017C 39                     424 	.db #0x39	; 57	'9'
    0000017D 39                     425 	.db #0x39	; 57	'9'
    0000017E FF                     426 	.db #0xff	; 255
    0000017F FF                     427 	.db #0xff	; 255
    00000180 39                     428 	.db #0x39	; 57	'9'
    00000181 39                     429 	.db #0x39	; 57	'9'
    00000182 11                     430 	.db #0x11	; 17
    00000183 11                     431 	.db #0x11	; 17
    00000184 83                     432 	.db #0x83	; 131
    00000185 83                     433 	.db #0x83	; 131
    00000186 C7                     434 	.db #0xc7	; 199
    00000187 C7                     435 	.db #0xc7	; 199
    00000188 83                     436 	.db #0x83	; 131
    00000189 83                     437 	.db #0x83	; 131
    0000018A 11                     438 	.db #0x11	; 17
    0000018B 11                     439 	.db #0x11	; 17
    0000018C 39                     440 	.db #0x39	; 57	'9'
    0000018D 39                     441 	.db #0x39	; 57	'9'
    0000018E FF                     442 	.db #0xff	; 255
    0000018F FF                     443 	.db #0xff	; 255
    00000190 99                     444 	.db #0x99	; 153
    00000191 99                     445 	.db #0x99	; 153
    00000192 99                     446 	.db #0x99	; 153
    00000193 99                     447 	.db #0x99	; 153
    00000194 99                     448 	.db #0x99	; 153
    00000195 99                     449 	.db #0x99	; 153
    00000196 C3                     450 	.db #0xc3	; 195
    00000197 C3                     451 	.db #0xc3	; 195
    00000198 E7                     452 	.db #0xe7	; 231
    00000199 E7                     453 	.db #0xe7	; 231
    0000019A E7                     454 	.db #0xe7	; 231
    0000019B E7                     455 	.db #0xe7	; 231
    0000019C E7                     456 	.db #0xe7	; 231
    0000019D E7                     457 	.db #0xe7	; 231
    0000019E FF                     458 	.db #0xff	; 255
    0000019F FF                     459 	.db #0xff	; 255
    000001A0 01                     460 	.db #0x01	; 1
    000001A1 01                     461 	.db #0x01	; 1
    000001A2 F1                     462 	.db #0xf1	; 241
    000001A3 F1                     463 	.db #0xf1	; 241
    000001A4 E3                     464 	.db #0xe3	; 227
    000001A5 E3                     465 	.db #0xe3	; 227
    000001A6 C7                     466 	.db #0xc7	; 199
    000001A7 C7                     467 	.db #0xc7	; 199
    000001A8 8F                     468 	.db #0x8f	; 143
    000001A9 8F                     469 	.db #0x8f	; 143
    000001AA 1F                     470 	.db #0x1f	; 31
    000001AB 1F                     471 	.db #0x1f	; 31
    000001AC 01                     472 	.db #0x01	; 1
    000001AD 01                     473 	.db #0x01	; 1
    000001AE FF                     474 	.db #0xff	; 255
    000001AF FF                     475 	.db #0xff	; 255
    000001B0 FF                     476 	.db #0xff	; 255
    000001B1 FF                     477 	.db #0xff	; 255
    000001B2 FF                     478 	.db #0xff	; 255
    000001B3 FF                     479 	.db #0xff	; 255
    000001B4 FF                     480 	.db #0xff	; 255
    000001B5 FF                     481 	.db #0xff	; 255
    000001B6 FF                     482 	.db #0xff	; 255
    000001B7 FF                     483 	.db #0xff	; 255
    000001B8 FF                     484 	.db #0xff	; 255
    000001B9 FF                     485 	.db #0xff	; 255
    000001BA CF                     486 	.db #0xcf	; 207
    000001BB CF                     487 	.db #0xcf	; 207
    000001BC CF                     488 	.db #0xcf	; 207
    000001BD CF                     489 	.db #0xcf	; 207
    000001BE FF                     490 	.db #0xff	; 255
    000001BF FF                     491 	.db #0xff	; 255
    000001C0 CF                     492 	.db #0xcf	; 207
    000001C1 CF                     493 	.db #0xcf	; 207
    000001C2 CF                     494 	.db #0xcf	; 207
    000001C3 CF                     495 	.db #0xcf	; 207
    000001C4 EF                     496 	.db #0xef	; 239
    000001C5 EF                     497 	.db #0xef	; 239
    000001C6 DF                     498 	.db #0xdf	; 223
    000001C7 DF                     499 	.db #0xdf	; 223
    000001C8 FF                     500 	.db #0xff	; 255
    000001C9 FF                     501 	.db #0xff	; 255
    000001CA FF                     502 	.db #0xff	; 255
    000001CB FF                     503 	.db #0xff	; 255
    000001CC FF                     504 	.db #0xff	; 255
    000001CD FF                     505 	.db #0xff	; 255
    000001CE FF                     506 	.db #0xff	; 255
    000001CF FF                     507 	.db #0xff	; 255
    000001D0 FF                     508 	.db #0xff	; 255
    000001D1 FF                     509 	.db #0xff	; 255
    000001D2 FF                     510 	.db #0xff	; 255
    000001D3 FF                     511 	.db #0xff	; 255
    000001D4 FF                     512 	.db #0xff	; 255
    000001D5 FF                     513 	.db #0xff	; 255
    000001D6 81                     514 	.db #0x81	; 129
    000001D7 81                     515 	.db #0x81	; 129
    000001D8 81                     516 	.db #0x81	; 129
    000001D9 81                     517 	.db #0x81	; 129
    000001DA FF                     518 	.db #0xff	; 255
    000001DB FF                     519 	.db #0xff	; 255
    000001DC FF                     520 	.db #0xff	; 255
    000001DD FF                     521 	.db #0xff	; 255
    000001DE FF                     522 	.db #0xff	; 255
    000001DF FF                     523 	.db #0xff	; 255
    000001E0 FF                     524 	.db #0xff	; 255
    000001E1 FF                     525 	.db #0xff	; 255
    000001E2 FF                     526 	.db #0xff	; 255
    000001E3 FF                     527 	.db #0xff	; 255
    000001E4 FF                     528 	.db #0xff	; 255
    000001E5 FF                     529 	.db #0xff	; 255
    000001E6 FF                     530 	.db #0xff	; 255
    000001E7 FF                     531 	.db #0xff	; 255
    000001E8 FF                     532 	.db #0xff	; 255
    000001E9 FF                     533 	.db #0xff	; 255
    000001EA FF                     534 	.db #0xff	; 255
    000001EB FF                     535 	.db #0xff	; 255
    000001EC FF                     536 	.db #0xff	; 255
    000001ED FF                     537 	.db #0xff	; 255
    000001EE FF                     538 	.db #0xff	; 255
    000001EF FF                     539 	.db #0xff	; 255
    000001F0 C7                     540 	.db #0xc7	; 199
    000001F1 C7                     541 	.db #0xc7	; 199
    000001F2 B3                     542 	.db #0xb3	; 179
    000001F3 B3                     543 	.db #0xb3	; 179
    000001F4 39                     544 	.db #0x39	; 57	'9'
    000001F5 39                     545 	.db #0x39	; 57	'9'
    000001F6 39                     546 	.db #0x39	; 57	'9'
    000001F7 39                     547 	.db #0x39	; 57	'9'
    000001F8 39                     548 	.db #0x39	; 57	'9'
    000001F9 39                     549 	.db #0x39	; 57	'9'
    000001FA 9B                     550 	.db #0x9b	; 155
    000001FB 9B                     551 	.db #0x9b	; 155
    000001FC C7                     552 	.db #0xc7	; 199
    000001FD C7                     553 	.db #0xc7	; 199
    000001FE FF                     554 	.db #0xff	; 255
    000001FF FF                     555 	.db #0xff	; 255
    00000200 E7                     556 	.db #0xe7	; 231
    00000201 E7                     557 	.db #0xe7	; 231
    00000202 C7                     558 	.db #0xc7	; 199
    00000203 C7                     559 	.db #0xc7	; 199
    00000204 E7                     560 	.db #0xe7	; 231
    00000205 E7                     561 	.db #0xe7	; 231
    00000206 E7                     562 	.db #0xe7	; 231
    00000207 E7                     563 	.db #0xe7	; 231
    00000208 E7                     564 	.db #0xe7	; 231
    00000209 E7                     565 	.db #0xe7	; 231
    0000020A E7                     566 	.db #0xe7	; 231
    0000020B E7                     567 	.db #0xe7	; 231
    0000020C 81                     568 	.db #0x81	; 129
    0000020D 81                     569 	.db #0x81	; 129
    0000020E FF                     570 	.db #0xff	; 255
    0000020F FF                     571 	.db #0xff	; 255
    00000210 83                     572 	.db #0x83	; 131
    00000211 83                     573 	.db #0x83	; 131
    00000212 39                     574 	.db #0x39	; 57	'9'
    00000213 39                     575 	.db #0x39	; 57	'9'
    00000214 F1                     576 	.db #0xf1	; 241
    00000215 F1                     577 	.db #0xf1	; 241
    00000216 C3                     578 	.db #0xc3	; 195
    00000217 C3                     579 	.db #0xc3	; 195
    00000218 87                     580 	.db #0x87	; 135
    00000219 87                     581 	.db #0x87	; 135
    0000021A 1F                     582 	.db #0x1f	; 31
    0000021B 1F                     583 	.db #0x1f	; 31
    0000021C 01                     584 	.db #0x01	; 1
    0000021D 01                     585 	.db #0x01	; 1
    0000021E FF                     586 	.db #0xff	; 255
    0000021F FF                     587 	.db #0xff	; 255
    00000220 81                     588 	.db #0x81	; 129
    00000221 81                     589 	.db #0x81	; 129
    00000222 F3                     590 	.db #0xf3	; 243
    00000223 F3                     591 	.db #0xf3	; 243
    00000224 E7                     592 	.db #0xe7	; 231
    00000225 E7                     593 	.db #0xe7	; 231
    00000226 C3                     594 	.db #0xc3	; 195
    00000227 C3                     595 	.db #0xc3	; 195
    00000228 F9                     596 	.db #0xf9	; 249
    00000229 F9                     597 	.db #0xf9	; 249
    0000022A 39                     598 	.db #0x39	; 57	'9'
    0000022B 39                     599 	.db #0x39	; 57	'9'
    0000022C 83                     600 	.db #0x83	; 131
    0000022D 83                     601 	.db #0x83	; 131
    0000022E FF                     602 	.db #0xff	; 255
    0000022F FF                     603 	.db #0xff	; 255
    00000230 E3                     604 	.db #0xe3	; 227
    00000231 E3                     605 	.db #0xe3	; 227
    00000232 C3                     606 	.db #0xc3	; 195
    00000233 C3                     607 	.db #0xc3	; 195
    00000234 93                     608 	.db #0x93	; 147
    00000235 93                     609 	.db #0x93	; 147
    00000236 33                     610 	.db #0x33	; 51	'3'
    00000237 33                     611 	.db #0x33	; 51	'3'
    00000238 01                     612 	.db #0x01	; 1
    00000239 01                     613 	.db #0x01	; 1
    0000023A F3                     614 	.db #0xf3	; 243
    0000023B F3                     615 	.db #0xf3	; 243
    0000023C F3                     616 	.db #0xf3	; 243
    0000023D F3                     617 	.db #0xf3	; 243
    0000023E FF                     618 	.db #0xff	; 255
    0000023F FF                     619 	.db #0xff	; 255
    00000240 03                     620 	.db #0x03	; 3
    00000241 03                     621 	.db #0x03	; 3
    00000242 3F                     622 	.db #0x3f	; 63
    00000243 3F                     623 	.db #0x3f	; 63
    00000244 03                     624 	.db #0x03	; 3
    00000245 03                     625 	.db #0x03	; 3
    00000246 F9                     626 	.db #0xf9	; 249
    00000247 F9                     627 	.db #0xf9	; 249
    00000248 F9                     628 	.db #0xf9	; 249
    00000249 F9                     629 	.db #0xf9	; 249
    0000024A 39                     630 	.db #0x39	; 57	'9'
    0000024B 39                     631 	.db #0x39	; 57	'9'
    0000024C 83                     632 	.db #0x83	; 131
    0000024D 83                     633 	.db #0x83	; 131
    0000024E FF                     634 	.db #0xff	; 255
    0000024F FF                     635 	.db #0xff	; 255
    00000250 C3                     636 	.db #0xc3	; 195
    00000251 C3                     637 	.db #0xc3	; 195
    00000252 9F                     638 	.db #0x9f	; 159
    00000253 9F                     639 	.db #0x9f	; 159
    00000254 3F                     640 	.db #0x3f	; 63
    00000255 3F                     641 	.db #0x3f	; 63
    00000256 03                     642 	.db #0x03	; 3
    00000257 03                     643 	.db #0x03	; 3
    00000258 39                     644 	.db #0x39	; 57	'9'
    00000259 39                     645 	.db #0x39	; 57	'9'
    0000025A 39                     646 	.db #0x39	; 57	'9'
    0000025B 39                     647 	.db #0x39	; 57	'9'
    0000025C 83                     648 	.db #0x83	; 131
    0000025D 83                     649 	.db #0x83	; 131
    0000025E FF                     650 	.db #0xff	; 255
    0000025F FF                     651 	.db #0xff	; 255
    00000260 01                     652 	.db #0x01	; 1
    00000261 01                     653 	.db #0x01	; 1
    00000262 39                     654 	.db #0x39	; 57	'9'
    00000263 39                     655 	.db #0x39	; 57	'9'
    00000264 F3                     656 	.db #0xf3	; 243
    00000265 F3                     657 	.db #0xf3	; 243
    00000266 E7                     658 	.db #0xe7	; 231
    00000267 E7                     659 	.db #0xe7	; 231
    00000268 CF                     660 	.db #0xcf	; 207
    00000269 CF                     661 	.db #0xcf	; 207
    0000026A CF                     662 	.db #0xcf	; 207
    0000026B CF                     663 	.db #0xcf	; 207
    0000026C CF                     664 	.db #0xcf	; 207
    0000026D CF                     665 	.db #0xcf	; 207
    0000026E FF                     666 	.db #0xff	; 255
    0000026F FF                     667 	.db #0xff	; 255
    00000270 83                     668 	.db #0x83	; 131
    00000271 83                     669 	.db #0x83	; 131
    00000272 39                     670 	.db #0x39	; 57	'9'
    00000273 39                     671 	.db #0x39	; 57	'9'
    00000274 39                     672 	.db #0x39	; 57	'9'
    00000275 39                     673 	.db #0x39	; 57	'9'
    00000276 83                     674 	.db #0x83	; 131
    00000277 83                     675 	.db #0x83	; 131
    00000278 39                     676 	.db #0x39	; 57	'9'
    00000279 39                     677 	.db #0x39	; 57	'9'
    0000027A 39                     678 	.db #0x39	; 57	'9'
    0000027B 39                     679 	.db #0x39	; 57	'9'
    0000027C 83                     680 	.db #0x83	; 131
    0000027D 83                     681 	.db #0x83	; 131
    0000027E FF                     682 	.db #0xff	; 255
    0000027F FF                     683 	.db #0xff	; 255
    00000280 83                     684 	.db #0x83	; 131
    00000281 83                     685 	.db #0x83	; 131
    00000282 39                     686 	.db #0x39	; 57	'9'
    00000283 39                     687 	.db #0x39	; 57	'9'
    00000284 39                     688 	.db #0x39	; 57	'9'
    00000285 39                     689 	.db #0x39	; 57	'9'
    00000286 81                     690 	.db #0x81	; 129
    00000287 81                     691 	.db #0x81	; 129
    00000288 F9                     692 	.db #0xf9	; 249
    00000289 F9                     693 	.db #0xf9	; 249
    0000028A F3                     694 	.db #0xf3	; 243
    0000028B F3                     695 	.db #0xf3	; 243
    0000028C 87                     696 	.db #0x87	; 135
    0000028D 87                     697 	.db #0x87	; 135
    0000028E FF                     698 	.db #0xff	; 255
    0000028F FF                     699 	.db #0xff	; 255
    00000290 E7                     700 	.db #0xe7	; 231
    00000291 E7                     701 	.db #0xe7	; 231
    00000292 DB                     702 	.db #0xdb	; 219
    00000293 DB                     703 	.db #0xdb	; 219
    00000294 FB                     704 	.db #0xfb	; 251
    00000295 FB                     705 	.db #0xfb	; 251
    00000296 FB                     706 	.db #0xfb	; 251
    00000297 FB                     707 	.db #0xfb	; 251
    00000298 F7                     708 	.db #0xf7	; 247
    00000299 F7                     709 	.db #0xf7	; 247
    0000029A EF                     710 	.db #0xef	; 239
    0000029B EF                     711 	.db #0xef	; 239
    0000029C FF                     712 	.db #0xff	; 255
    0000029D FF                     713 	.db #0xff	; 255
    0000029E EF                     714 	.db #0xef	; 239
    0000029F EF                     715 	.db #0xef	; 239
    000002A0 FF                     716 	.db #0xff	; 255
    000002A1 FF                     717 	.db #0xff	; 255
    000002A2 FF                     718 	.db #0xff	; 255
    000002A3 FF                     719 	.db #0xff	; 255
    000002A4 FF                     720 	.db #0xff	; 255
    000002A5 FF                     721 	.db #0xff	; 255
    000002A6 FF                     722 	.db #0xff	; 255
    000002A7 FF                     723 	.db #0xff	; 255
    000002A8 FF                     724 	.db #0xff	; 255
    000002A9 FF                     725 	.db #0xff	; 255
    000002AA FF                     726 	.db #0xff	; 255
    000002AB FF                     727 	.db #0xff	; 255
    000002AC FF                     728 	.db #0xff	; 255
    000002AD FF                     729 	.db #0xff	; 255
    000002AE FF                     730 	.db #0xff	; 255
    000002AF 00                     731 	.db #0x00	; 0
    000002B0 FF                     732 	.db #0xff	; 255
    000002B1 FF                     733 	.db #0xff	; 255
    000002B2 DF                     734 	.db #0xdf	; 223
    000002B3 DF                     735 	.db #0xdf	; 223
    000002B4 9F                     736 	.db #0x9f	; 159
    000002B5 9F                     737 	.db #0x9f	; 159
    000002B6 01                     738 	.db #0x01	; 1
    000002B7 01                     739 	.db #0x01	; 1
    000002B8 01                     740 	.db #0x01	; 1
    000002B9 01                     741 	.db #0x01	; 1
    000002BA 9F                     742 	.db #0x9f	; 159
    000002BB 9F                     743 	.db #0x9f	; 159
    000002BC DF                     744 	.db #0xdf	; 223
    000002BD DF                     745 	.db #0xdf	; 223
    000002BE FF                     746 	.db #0xff	; 255
    000002BF FF                     747 	.db #0xff	; 255
    000002C0 FF                     748 	.db #0xff	; 255
    000002C1 FF                     749 	.db #0xff	; 255
    000002C2 FE                     750 	.db #0xfe	; 254
    000002C3 FE                     751 	.db #0xfe	; 254
    000002C4 FC                     752 	.db #0xfc	; 252
    000002C5 FC                     753 	.db #0xfc	; 252
    000002C6 F8                     754 	.db #0xf8	; 248
    000002C7 F8                     755 	.db #0xf8	; 248
    000002C8 31                     756 	.db #0x31	; 49	'1'
    000002C9 31                     757 	.db #0x31	; 49	'1'
    000002CA 03                     758 	.db #0x03	; 3
    000002CB 03                     759 	.db #0x03	; 3
    000002CC 87                     760 	.db #0x87	; 135
    000002CD 87                     761 	.db #0x87	; 135
    000002CE CF                     762 	.db #0xcf	; 207
    000002CF CF                     763 	.db #0xcf	; 207
                                    764 	.area _INITIALIZER
                                    765 	.area _CABS (ABS)
